error - 2021-07-20 11:37:28 --> Severity: error --> Exception: Using $this when not in object context /mnt/c/Users/bono9/Documents/www/backend/index.php 12
error - 2021-07-20 11:37:28 --> Severity: Error --> Using $this when not in object context /mnt/c/Users/bono9/Documents/www/backend/index.php 12
error - 2021-07-20 11:38:15 --> Severity: error --> Exception: Using $this when not in object context /mnt/c/Users/bono9/Documents/www/backend/index.php 12
error - 2021-07-20 11:38:15 --> Severity: Error --> Using $this when not in object context /mnt/c/Users/bono9/Documents/www/backend/index.php 12
error - 2021-07-20 11:39:00 --> Severity: error --> Exception: Using $this when not in object context /mnt/c/Users/bono9/Documents/www/backend/index.php 12
error - 2021-07-20 11:39:00 --> Severity: Error --> Using $this when not in object context /mnt/c/Users/bono9/Documents/www/backend/index.php 12
error - 2021-07-20 11:41:10 --> Severity: error --> Exception: Using $this when not in object context /mnt/c/Users/bono9/Documents/www/backend/index.php 12
error - 2021-07-20 11:41:10 --> Severity: Error --> Using $this when not in object context /mnt/c/Users/bono9/Documents/www/backend/index.php 12
Error - 2021-07-20 11:43:41 --> Severity: error --> Exception: Using $this when not in object context /mnt/c/Users/bono9/Documents/www/backend/index.php 12
Error - 2021-07-20 11:43:41 --> Severity: Error --> Using $this when not in object context /mnt/c/Users/bono9/Documents/www/backend/index.php 12
Error - 2021-07-20 11:45:23 --> Severity: error --> Exception: Using $this when not in object context /mnt/c/Users/bono9/Documents/www/backend/index.php 12
Error - 2021-07-20 11:45:23 --> Severity: Error --> Using $this when not in object context /mnt/c/Users/bono9/Documents/www/backend/index.php 12
Error - 2021-07-20 11:47:46 --> Severity: Warning --> Invalid argument supplied for foreach() /mnt/c/Users/bono9/Documents/www/backend/index.php 12
Error - 2021-07-20 11:47:46 --> Severity: Warning --> Invalid argument supplied for foreach() backend/index.php 12
Error - 2021-07-20 11:50:15 --> Severity: Warning --> Invalid argument supplied for foreach() /mnt/c/Users/bono9/Documents/www/backend/index.php 12
Error - 2021-07-20 11:50:44 --> Severity: error --> Exception: Using $this when not in object context /mnt/c/Users/bono9/Documents/www/backend/index.php 12
Error - 2021-07-20 11:53:32 --> Severity: Error --> Exception: Using $this when not in object context /mnt/c/Users/bono9/Documents/www/backend/index.php 12
Error - 2021-07-20 11:54:14 --> Severity: Error --> Exception: Using $this when not in object context /mnt/c/Users/bono9/Documents/www/backend/index.php 12
Error - 2021-07-20 12:04:46 --> Severity: Error --> Exception: Using $this when not in object context /mnt/c/Users/bono9/Documents/www/backend/index.php 12
Error - 2021-07-20 12:05:37 --> Severity: Error --> Exception: Using $this when not in object context /mnt/c/Users/bono9/Documents/www/backend/index.php 12
Error - 2021-07-20 14:18:12 --> Severity: Error --> Exception: Using $this when not in object context /mnt/c/Users/bono9/Documents/www/backend/index.php 12
Error - 2021-07-20 14:33:02 --> Severity: Error --> Exception: Using $this when not in object context /mnt/c/Users/bono9/Documents/www/backend/index.php 12
