Error - 2021-10-19 08:28:35 --> Severity: Warning --> Use of undefined constant ENVIRONMENT - assumed 'ENVIRONMENT' (this will throw an Error in a future version of PHP) /mnt/c/Posao/backend/src/config/database.php 85
Info - 2021-10-19 08:28:35 --> Database Driver Class Initialized
Error - 2021-10-19 08:29:05 --> Severity: Warning --> Use of undefined constant ENVIRONMENT - assumed 'ENVIRONMENT' (this will throw an Error in a future version of PHP) /mnt/c/Posao/backend/src/config/database.php 85
Info - 2021-10-19 08:29:05 --> Database Driver Class Initialized
Info - 2021-10-19 08:41:31 --> Database Driver Class Initialized
Info - 2021-10-19 08:44:13 --> Database Driver Class Initialized
Info - 2021-10-19 08:46:37 --> Database Driver Class Initialized
Error - 2021-10-19 08:46:37 --> Severity: Notice --> Undefined variable: sql /mnt/c/Posao/backend/src/sys/database/DB_query_builder.php 1854
Info - 2021-10-19 08:46:58 --> Database Driver Class Initialized
Info - 2021-10-19 08:47:48 --> Database Driver Class Initialized
Info - 2021-10-19 08:51:47 --> Database Driver Class Initialized
Error - 2021-10-19 08:51:47 --> Severity: Warning --> Illegal string offset 'condition' /mnt/c/Posao/backend/src/sys/database/DB_query_builder.php 2063
Error - 2021-10-19 08:51:47 --> Query error: Unknown column 'i' in 'where clause' - Invalid query: DELETE FROM ljudski_resursi
WHERE i
Error - 2021-10-19 08:51:47 --> Severity: Error --> Exception: Call to undefined method CI_DB_mysqli_driver::show_error() /mnt/c/Posao/backend/src/sys/database/DB_driver.php 608
Info - 2021-10-19 08:53:21 --> Database Driver Class Initialized
Error - 2021-10-19 08:53:21 --> Severity: Warning --> Illegal string offset 'condition' /mnt/c/Posao/backend/src/sys/database/DB_query_builder.php 2063
Error - 2021-10-19 08:53:21 --> Query error: Unknown column 'i' in 'where clause' - Invalid query: DELETE FROM ljudski_resursi
WHERE i
Error - 2021-10-19 08:53:21 --> Severity: Error --> Exception: Call to undefined method CI_DB_mysqli_driver::show_error() /mnt/c/Posao/backend/src/sys/database/DB_driver.php 608
Info - 2021-10-19 08:54:24 --> Database Driver Class Initialized
Error - 2021-10-19 08:54:24 --> Severity: Warning --> Illegal string offset 'condition' /mnt/c/Posao/backend/src/sys/database/DB_query_builder.php 2065
Error - 2021-10-19 08:54:24 --> Query error: Unknown column 'i' in 'where clause' - Invalid query: DELETE FROM ljudski_resursi
WHERE i
Error - 2021-10-19 08:54:24 --> Severity: Error --> Exception: Call to undefined method CI_DB_mysqli_driver::show_error() /mnt/c/Posao/backend/src/sys/database/DB_driver.php 608
Info - 2021-10-19 08:56:12 --> Database Driver Class Initialized
Error - 2021-10-19 08:56:12 --> Severity: Warning --> Illegal string offset 'condition' /mnt/c/Posao/backend/src/sys/database/DB_query_builder.php 2065
Error - 2021-10-19 08:56:12 --> Query error: Unknown column 'i' in 'where clause' - Invalid query: DELETE FROM ljudski_resursi
WHERE i
Error - 2021-10-19 08:56:12 --> Severity: Error --> Exception: Call to undefined method CI_DB_mysqli_driver::show_error() /mnt/c/Posao/backend/src/sys/database/DB_driver.php 608
Info - 2021-10-19 08:57:51 --> Database Driver Class Initialized
Error - 2021-10-19 08:57:51 --> Severity: Notice --> Array to string conversion /mnt/c/Posao/backend/src/sys/database/DB_query_builder.php 2054
Error - 2021-10-19 08:57:51 --> Severity: Warning --> Illegal string offset 'condition' /mnt/c/Posao/backend/src/sys/database/DB_query_builder.php 2066
Error - 2021-10-19 08:57:51 --> Query error: Unknown column 'i' in 'where clause' - Invalid query: DELETE FROM ljudski_resursi
WHERE i
Error - 2021-10-19 08:57:51 --> Severity: Error --> Exception: Call to undefined method CI_DB_mysqli_driver::show_error() /mnt/c/Posao/backend/src/sys/database/DB_driver.php 608
Info - 2021-10-19 08:58:11 --> Database Driver Class Initialized
Error - 2021-10-19 08:58:11 --> Severity: Warning --> Illegal string offset 'condition' /mnt/c/Posao/backend/src/sys/database/DB_query_builder.php 2066
Error - 2021-10-19 08:58:11 --> Query error: Unknown column 'i' in 'where clause' - Invalid query: DELETE FROM ljudski_resursi
WHERE i
Error - 2021-10-19 08:58:11 --> Severity: Error --> Exception: Call to undefined method CI_DB_mysqli_driver::show_error() /mnt/c/Posao/backend/src/sys/database/DB_driver.php 608
Info - 2021-10-19 08:59:15 --> Database Driver Class Initialized
Error - 2021-10-19 08:59:15 --> Severity: Warning --> Illegal string offset 'condition' /mnt/c/Posao/backend/src/sys/database/DB_query_builder.php 2066
Error - 2021-10-19 08:59:15 --> Query error: Unknown column 'i' in 'where clause' - Invalid query: DELETE FROM ljudski_resursi
WHERE i
Error - 2021-10-19 08:59:15 --> Severity: Error --> Exception: Call to undefined method CI_DB_mysqli_driver::show_error() /mnt/c/Posao/backend/src/sys/database/DB_driver.php 608
Info - 2021-10-19 08:59:16 --> Database Driver Class Initialized
Error - 2021-10-19 08:59:16 --> Severity: Warning --> Illegal string offset 'condition' /mnt/c/Posao/backend/src/sys/database/DB_query_builder.php 2066
Error - 2021-10-19 08:59:16 --> Query error: Unknown column 'i' in 'where clause' - Invalid query: DELETE FROM ljudski_resursi
WHERE i
Error - 2021-10-19 08:59:16 --> Severity: Error --> Exception: Call to undefined method CI_DB_mysqli_driver::show_error() /mnt/c/Posao/backend/src/sys/database/DB_driver.php 608
Info - 2021-10-19 08:59:17 --> Database Driver Class Initialized
Error - 2021-10-19 08:59:17 --> Severity: Warning --> Illegal string offset 'condition' /mnt/c/Posao/backend/src/sys/database/DB_query_builder.php 2066
Error - 2021-10-19 08:59:17 --> Query error: Unknown column 'i' in 'where clause' - Invalid query: DELETE FROM ljudski_resursi
WHERE i
Error - 2021-10-19 08:59:17 --> Severity: Error --> Exception: Call to undefined method CI_DB_mysqli_driver::show_error() /mnt/c/Posao/backend/src/sys/database/DB_driver.php 608
Info - 2021-10-19 08:59:17 --> Database Driver Class Initialized
Error - 2021-10-19 08:59:17 --> Severity: Warning --> Illegal string offset 'condition' /mnt/c/Posao/backend/src/sys/database/DB_query_builder.php 2066
Error - 2021-10-19 08:59:17 --> Query error: Unknown column 'i' in 'where clause' - Invalid query: DELETE FROM ljudski_resursi
WHERE i
Error - 2021-10-19 08:59:17 --> Severity: Error --> Exception: Call to undefined method CI_DB_mysqli_driver::show_error() /mnt/c/Posao/backend/src/sys/database/DB_driver.php 608
Info - 2021-10-19 08:59:17 --> Database Driver Class Initialized
Error - 2021-10-19 08:59:17 --> Severity: Warning --> Illegal string offset 'condition' /mnt/c/Posao/backend/src/sys/database/DB_query_builder.php 2066
Error - 2021-10-19 08:59:17 --> Query error: Unknown column 'i' in 'where clause' - Invalid query: DELETE FROM ljudski_resursi
WHERE i
Error - 2021-10-19 08:59:17 --> Severity: Error --> Exception: Call to undefined method CI_DB_mysqli_driver::show_error() /mnt/c/Posao/backend/src/sys/database/DB_driver.php 608
Info - 2021-10-19 09:00:55 --> Database Driver Class Initialized
Error - 2021-10-19 09:00:55 --> Severity: Warning --> Illegal string offset 'condition' /mnt/c/Posao/backend/src/sys/database/DB_query_builder.php 2067
Error - 2021-10-19 09:00:55 --> Query error: Unknown column 'i' in 'where clause' - Invalid query: DELETE FROM ljudski_resursi
WHERE i
Error - 2021-10-19 09:00:55 --> Severity: Error --> Exception: Call to undefined method CI_DB_mysqli_driver::show_error() /mnt/c/Posao/backend/src/sys/database/DB_driver.php 608
Info - 2021-10-19 09:01:25 --> Database Driver Class Initialized
Info - 2021-10-19 09:18:57 --> Database Driver Class Initialized
Info - 2021-10-19 09:19:03 --> Database Driver Class Initialized
Info - 2021-10-19 09:19:51 --> Database Driver Class Initialized
Info - 2021-10-19 09:20:16 --> Database Driver Class Initialized
Info - 2021-10-19 09:20:24 --> Database Driver Class Initialized
Info - 2021-10-19 09:25:13 --> Database Driver Class Initialized
Info - 2021-10-19 09:27:00 --> Database Driver Class Initialized
Info - 2021-10-19 09:29:23 --> Database Driver Class Initialized
Error - 2021-10-19 09:29:23 --> Query error: You have an error in your SQL syntax; check the manual that corresponds to your MySQL server version for the right syntax to use near '2)' at line 1 - Invalid query: INSERT INTO ljudski_resursi (ime, prezime, adresa) VALUES (Tin, Horvat, Ilica 2)
Error - 2021-10-19 09:29:23 --> Severity: Error --> Exception: Call to undefined method CI_DB_mysqli_driver::show_error() /mnt/c/Posao/backend/src/sys/database/DB_driver.php 608
Info - 2021-10-19 09:29:46 --> Database Driver Class Initialized
Error - 2021-10-19 09:29:46 --> Query error: You have an error in your SQL syntax; check the manual that corresponds to your MySQL server version for the right syntax to use near '2)' at line 1 - Invalid query: INSERT INTO ljudski_resursi (ime, prezime, adresa) VALUES (Tin, Horvat, Ilica 2)
Info - 2021-10-19 09:30:17 --> Database Driver Class Initialized
Error - 2021-10-19 09:30:17 --> Query error: You have an error in your SQL syntax; check the manual that corresponds to your MySQL server version for the right syntax to use near '2)' at line 1 - Invalid query: INSERT INTO ljudski_resursi (ime, prezime, adresa) VALUES (Tin, Horvat, Ilica 2)
Info - 2021-10-19 09:30:18 --> Database Driver Class Initialized
Error - 2021-10-19 09:30:18 --> Query error: You have an error in your SQL syntax; check the manual that corresponds to your MySQL server version for the right syntax to use near '2)' at line 1 - Invalid query: INSERT INTO ljudski_resursi (ime, prezime, adresa) VALUES (Tin, Horvat, Ilica 2)
Info - 2021-10-19 09:30:18 --> Database Driver Class Initialized
Error - 2021-10-19 09:30:18 --> Query error: You have an error in your SQL syntax; check the manual that corresponds to your MySQL server version for the right syntax to use near '2)' at line 1 - Invalid query: INSERT INTO ljudski_resursi (ime, prezime, adresa) VALUES (Tin, Horvat, Ilica 2)
Info - 2021-10-19 09:30:19 --> Database Driver Class Initialized
Error - 2021-10-19 09:30:19 --> Query error: You have an error in your SQL syntax; check the manual that corresponds to your MySQL server version for the right syntax to use near '2)' at line 1 - Invalid query: INSERT INTO ljudski_resursi (ime, prezime, adresa) VALUES (Tin, Horvat, Ilica 2)
Info - 2021-10-19 09:30:20 --> Database Driver Class Initialized
Error - 2021-10-19 09:30:20 --> Query error: You have an error in your SQL syntax; check the manual that corresponds to your MySQL server version for the right syntax to use near '2)' at line 1 - Invalid query: INSERT INTO ljudski_resursi (ime, prezime, adresa) VALUES (Tin, Horvat, Ilica 2)
Info - 2021-10-19 09:30:38 --> Database Driver Class Initialized
Error - 2021-10-19 09:30:38 --> Severity: Error --> Exception: Call to a member function result() on boolean /mnt/c/Posao/backend/src/sys/model.php 42
Info - 2021-10-19 09:30:47 --> Database Driver Class Initialized
Info - 2021-10-19 09:35:05 --> Database Driver Class Initialized
Info - 2021-10-19 09:35:09 --> Database Driver Class Initialized
Error - 2021-10-19 09:35:09 --> Query error: You have an error in your SQL syntax; check the manual that corresponds to your MySQL server version for the right syntax to use near 'table (ime, prezime, adresa) VALUES ("Marko", "Horvat", "Vukovarska 1")' at line 1 - Invalid query: REPLACE INTO table (ime, prezime, adresa) VALUES ("Marko", "Horvat", "Vukovarska 1")
Info - 2021-10-19 09:36:49 --> Database Driver Class Initialized
Info - 2021-10-19 09:36:53 --> Database Driver Class Initialized
Info - 2021-10-19 09:38:37 --> Database Driver Class Initialized
Info - 2021-10-19 09:38:42 --> Database Driver Class Initialized
Error - 2021-10-19 09:38:42 --> Query error: Unknown column 'Josip' in 'field list' - Invalid query: UPDATE ljudski_resursi SET ime = Josip
WHERE id =  1
Info - 2021-10-19 09:39:08 --> Database Driver Class Initialized
Info - 2021-10-19 09:39:12 --> Database Driver Class Initialized
Info - 2021-10-19 09:39:50 --> Database Driver Class Initialized
Info - 2021-10-19 09:39:54 --> Database Driver Class Initialized
Info - 2021-10-19 09:39:57 --> Database Driver Class Initialized
Info - 2021-10-19 10:01:11 --> Database Driver Class Initialized
Info - 2021-10-19 10:01:36 --> Database Driver Class Initialized
Info - 2021-10-19 10:01:49 --> Database Driver Class Initialized
Info - 2021-10-19 10:02:25 --> Database Driver Class Initialized
Info - 2021-10-19 10:07:39 --> Database Driver Class Initialized
Info - 2021-10-19 10:07:57 --> Database Driver Class Initialized
Info - 2021-10-19 10:07:58 --> Database Driver Class Initialized
Info - 2021-10-19 10:07:58 --> Database Driver Class Initialized
Info - 2021-10-19 10:07:59 --> Database Driver Class Initialized
Info - 2021-10-19 10:07:59 --> Database Driver Class Initialized
Info - 2021-10-19 10:08:15 --> Database Driver Class Initialized
Error - 2021-10-19 10:08:15 --> Query error: You have an error in your SQL syntax; check the manual that corresponds to your MySQL server version for the right syntax to use near '01
WHERE id =  1' at line 1 - Invalid query: UPDATE ljudski_resursi SET ime = Josip, prezime = Josic, adresa = Test 01
WHERE id =  1
Info - 2021-10-19 10:15:53 --> Database Driver Class Initialized
Info - 2021-10-19 10:16:24 --> Database Driver Class Initialized
Info - 2021-10-19 10:16:29 --> Database Driver Class Initialized
Info - 2021-10-19 10:16:33 --> Database Driver Class Initialized
Info - 2021-10-19 10:18:23 --> Database Driver Class Initialized
Info - 2021-10-19 10:25:32 --> Database Driver Class Initialized
Info - 2021-10-19 10:25:43 --> Database Driver Class Initialized
Info - 2021-10-19 10:25:47 --> Database Driver Class Initialized
Info - 2021-10-19 10:25:53 --> Database Driver Class Initialized
Info - 2021-10-19 10:26:17 --> Database Driver Class Initialized
Info - 2021-10-19 10:26:23 --> Database Driver Class Initialized
Info - 2021-10-19 10:27:36 --> Database Driver Class Initialized
Error - 2021-10-19 10:27:36 --> Query error: You have an error in your SQL syntax; check the manual that corresponds to your MySQL server version for the right syntax to use near '-11' at line 3 - Invalid query: SELECT *
FROM ljudski_resursi
 LIMIT 11, -11
Info - 2021-10-19 10:27:44 --> Database Driver Class Initialized
Info - 2021-10-19 10:28:29 --> Database Driver Class Initialized
Error - 2021-10-19 10:28:29 --> Severity: Notice --> Undefined variable: offset /mnt/c/Posao/backend/src/sys/model.php 38
Error - 2021-10-19 10:28:29 --> Severity: Notice --> Undefined variable: limit /mnt/c/Posao/backend/src/sys/model.php 38
Info - 2021-10-19 10:28:43 --> Database Driver Class Initialized
Error - 2021-10-19 10:28:43 --> Severity: Notice --> Undefined variable: offset /mnt/c/Posao/backend/src/sys/model.php 36
Error - 2021-10-19 10:28:43 --> Severity: Notice --> Undefined variable: limit /mnt/c/Posao/backend/src/sys/model.php 36
Info - 2021-10-19 10:29:04 --> Database Driver Class Initialized
Info - 2021-10-19 10:29:14 --> Database Driver Class Initialized
Info - 2021-10-19 10:29:23 --> Database Driver Class Initialized
Info - 2021-10-19 10:45:32 --> Database Driver Class Initialized
Error - 2021-10-19 10:45:32 --> Severity: Error --> Exception: Call to undefined method ljudski::select() /mnt/c/Posao/backend/index.php 22
Info - 2021-10-19 10:45:41 --> Database Driver Class Initialized
Info - 2021-10-19 10:45:46 --> Database Driver Class Initialized
Error - 2021-10-19 10:49:48 --> Severity: Error --> Exception: syntax error, unexpected '(', expecting identifier (T_STRING) or variable (T_VARIABLE) or '{' or '$' /mnt/c/Posao/backend/src/app/ljudski_resursi/index.php 12
Info - 2021-10-19 10:50:01 --> Database Driver Class Initialized
Info - 2021-10-19 11:58:59 --> Database Driver Class Initialized
Info - 2021-10-19 11:59:17 --> Database Driver Class Initialized
Info - 2021-10-19 11:59:27 --> Database Driver Class Initialized
Info - 2021-10-19 11:59:37 --> Database Driver Class Initialized
Info - 2021-10-19 11:59:42 --> Database Driver Class Initialized
Info - 2021-10-19 12:02:23 --> Database Driver Class Initialized
Info - 2021-10-19 12:02:23 --> Database Driver Class Initialized
Info - 2021-10-19 12:05:42 --> Database Driver Class Initialized
Error - 2021-10-19 12:05:42 --> Severity: Error --> Exception: Too few arguments to function crud_model::edit(), 0 passed in /mnt/c/Posao/backend/index.php on line 22 and exactly 2 expected /mnt/c/Posao/backend/src/sys/model.php 38
Info - 2021-10-19 12:06:32 --> Database Driver Class Initialized
Info - 2021-10-19 12:10:29 --> Database Driver Class Initialized
Info - 2021-10-19 12:10:46 --> Database Driver Class Initialized
Info - 2021-10-19 12:10:52 --> Database Driver Class Initialized
Info - 2021-10-19 12:10:54 --> Database Driver Class Initialized
Info - 2021-10-19 12:11:30 --> Database Driver Class Initialized
Info - 2021-10-19 12:12:00 --> Database Driver Class Initialized
Error - 2021-10-19 12:12:00 --> Severity: Error --> Exception: Cannot use object of type stdClass as array /mnt/c/Posao/backend/src/sys/model.php 32
Info - 2021-10-19 12:12:27 --> Database Driver Class Initialized
Error - 2021-10-19 12:12:27 --> Severity: Error --> Exception: Cannot use object of type stdClass as array /mnt/c/Posao/backend/src/sys/model.php 30
Info - 2021-10-19 12:12:54 --> Database Driver Class Initialized
Info - 2021-10-19 12:13:44 --> Database Driver Class Initialized
Info - 2021-10-19 12:13:56 --> Database Driver Class Initialized
Error - 2021-10-19 12:13:56 --> Severity: Error --> Exception: Call to undefined function show_success() /mnt/c/Posao/backend/src/sys/model.php 50
Error - 2021-10-19 12:15:27 --> Severity: Warning --> include(src/app/ljudski/index.php): failed to open stream: No such file or directory /mnt/c/Posao/backend/index.php 19
Error - 2021-10-19 12:15:27 --> Severity: Warning --> include(): Failed opening 'src/app/ljudski/index.php' for inclusion (include_path='.:/usr/share/php') /mnt/c/Posao/backend/index.php 19
Error - 2021-10-19 12:15:27 --> Severity: Error --> Exception: Class 'ljuuu' not found /mnt/c/Posao/backend/index.php 20
Info - 2021-10-19 12:22:22 --> Database Driver Class Initialized
Info - 2021-10-19 12:22:23 --> Database Driver Class Initialized
Info - 2021-10-19 12:22:23 --> Database Driver Class Initialized
Info - 2021-10-19 12:22:30 --> Database Driver Class Initialized
Info - 2021-10-19 12:22:49 --> Database Driver Class Initialized
Info - 2021-10-19 12:31:25 --> Database Driver Class Initialized
Info - 2021-10-19 12:33:38 --> Database Driver Class Initialized
Info - 2021-10-19 12:33:49 --> Database Driver Class Initialized
Info - 2021-10-19 12:33:50 --> Database Driver Class Initialized
Info - 2021-10-19 12:33:50 --> Database Driver Class Initialized
Info - 2021-10-19 12:33:51 --> Database Driver Class Initialized
Info - 2021-10-19 12:33:57 --> Database Driver Class Initialized
Info - 2021-10-19 12:34:02 --> Database Driver Class Initialized
Info - 2021-10-19 12:34:08 --> Database Driver Class Initialized
Info - 2021-10-19 12:36:11 --> Database Driver Class Initialized
Info - 2021-10-19 12:36:17 --> Database Driver Class Initialized
Info - 2021-10-19 12:36:51 --> Database Driver Class Initialized
Info - 2021-10-19 12:36:52 --> Database Driver Class Initialized
Info - 2021-10-19 12:36:52 --> Database Driver Class Initialized
Info - 2021-10-19 12:36:52 --> Database Driver Class Initialized
Info - 2021-10-19 12:36:57 --> Database Driver Class Initialized
Info - 2021-10-19 12:37:02 --> Database Driver Class Initialized
Info - 2021-10-19 12:37:27 --> Database Driver Class Initialized
Info - 2021-10-19 12:38:12 --> Database Driver Class Initialized
Info - 2021-10-19 12:38:37 --> Database Driver Class Initialized
Error - 2021-10-19 12:39:03 --> Severity: Notice --> Array to string conversion /mnt/c/Posao/backend/src/sys/common.php 28
Info - 2021-10-19 12:39:03 --> Database Driver Class Initialized
Info - 2021-10-19 12:39:14 --> Database Driver Class Initialized
Info - 2021-10-19 12:39:54 --> Database Driver Class Initialized
Info - 2021-10-19 12:39:54 --> Database Driver Class Initialized
Info - 2021-10-19 12:39:55 --> Database Driver Class Initialized
Info - 2021-10-19 12:39:55 --> Database Driver Class Initialized
Info - 2021-10-19 12:39:55 --> Database Driver Class Initialized
Info - 2021-10-19 12:39:56 --> Database Driver Class Initialized
Info - 2021-10-19 12:39:56 --> Database Driver Class Initialized
Info - 2021-10-19 12:40:13 --> Database Driver Class Initialized
Info - 2021-10-19 12:41:20 --> Database Driver Class Initialized
Info - 2021-10-19 12:41:42 --> Database Driver Class Initialized
Error - 2021-10-19 12:43:53 --> Severity: Notice --> Array to string conversion /mnt/c/Posao/backend/index.php 20
Error - 2021-10-19 12:43:53 --> Severity: Notice --> Array to string conversion /mnt/c/Posao/backend/index.php 42
Error - 2021-10-19 12:45:50 --> Severity: Notice --> Array to string conversion /mnt/c/Posao/backend/src/sys/common.php 30
Error - 2021-10-19 12:55:32 --> Severity: Notice --> Array to string conversion /mnt/c/Posao/backend/src/sys/common.php 35
Info - 2021-10-19 12:57:57 --> Database Driver Class Initialized
Info - 2021-10-19 12:58:34 --> Database Driver Class Initialized
Info - 2021-10-19 13:00:19 --> Database Driver Class Initialized
Info - 2021-10-19 13:00:39 --> Database Driver Class Initialized
Info - 2021-10-19 13:01:57 --> Database Driver Class Initialized
Info - 2021-10-19 13:02:27 --> Database Driver Class Initialized
Info - 2021-10-19 13:02:39 --> Database Driver Class Initialized
Error - 2021-10-19 13:03:01 --> Severity: Notice --> Undefined index: PATH_INFO /mnt/c/Posao/backend/src/sys/common.php 24
Info - 2021-10-19 13:03:28 --> Database Driver Class Initialized
Info - 2021-10-19 13:07:06 --> Database Driver Class Initialized
Info - 2021-10-19 13:07:06 --> Database Driver Class Initialized
Error - 2021-10-19 13:49:04 --> Severity: Error --> Exception: syntax error, unexpected ')', expecting ';' /mnt/c/Posao/backend/src/sys/database/DB_driver.php 608
Error - 2021-10-19 13:49:04 --> Severity: Error --> Exception: syntax error, unexpected ')', expecting ';' /mnt/c/Posao/backend/src/sys/database/DB_driver.php 608
Info - 2021-10-19 13:49:29 --> Database Driver Class Initialized
Info - 2021-10-19 13:50:03 --> Database Driver Class Initialized
Info - 2021-10-19 13:50:58 --> Database Driver Class Initialized
Info - 2021-10-19 13:51:02 --> Database Driver Class Initialized
Info - 2021-10-19 13:51:08 --> Database Driver Class Initialized
Info - 2021-10-19 13:51:15 --> Database Driver Class Initialized
Info - 2021-10-19 13:51:18 --> Database Driver Class Initialized
Info - 2021-10-19 13:51:19 --> Database Driver Class Initialized
Info - 2021-10-19 13:51:19 --> Database Driver Class Initialized
Info - 2021-10-19 13:51:20 --> Database Driver Class Initialized
Info - 2021-10-19 13:51:20 --> Database Driver Class Initialized
Info - 2021-10-19 13:51:20 --> Database Driver Class Initialized
Info - 2021-10-19 13:51:21 --> Database Driver Class Initialized
Info - 2021-10-19 13:51:21 --> Database Driver Class Initialized
Info - 2021-10-19 13:51:21 --> Database Driver Class Initialized
Info - 2021-10-19 13:51:21 --> Database Driver Class Initialized
Info - 2021-10-19 13:51:21 --> Database Driver Class Initialized
Info - 2021-10-19 13:51:22 --> Database Driver Class Initialized
Info - 2021-10-19 13:51:22 --> Database Driver Class Initialized
Info - 2021-10-19 13:51:22 --> Database Driver Class Initialized
Info - 2021-10-19 13:51:44 --> Database Driver Class Initialized
Info - 2021-10-19 13:51:45 --> Database Driver Class Initialized
Info - 2021-10-19 13:51:45 --> Database Driver Class Initialized
Info - 2021-10-19 13:51:46 --> Database Driver Class Initialized
Info - 2021-10-19 13:51:46 --> Database Driver Class Initialized
Info - 2021-10-19 13:51:59 --> Database Driver Class Initialized
Info - 2021-10-19 13:52:27 --> Database Driver Class Initialized
Info - 2021-10-19 13:52:29 --> Database Driver Class Initialized
Info - 2021-10-19 13:52:29 --> Database Driver Class Initialized
Info - 2021-10-19 13:52:29 --> Database Driver Class Initialized
Info - 2021-10-19 13:52:30 --> Database Driver Class Initialized
Info - 2021-10-19 13:52:30 --> Database Driver Class Initialized
Info - 2021-10-19 13:52:30 --> Database Driver Class Initialized
Info - 2021-10-19 13:52:31 --> Database Driver Class Initialized
Info - 2021-10-19 13:52:54 --> Database Driver Class Initialized
Info - 2021-10-19 13:52:57 --> Database Driver Class Initialized
Info - 2021-10-19 13:54:11 --> Database Driver Class Initialized
Info - 2021-10-19 13:54:16 --> Database Driver Class Initialized
Info - 2021-10-19 13:54:25 --> Database Driver Class Initialized
Info - 2021-10-19 13:54:28 --> Database Driver Class Initialized
Info - 2021-10-19 13:54:43 --> Database Driver Class Initialized
Info - 2021-10-19 13:54:48 --> Database Driver Class Initialized
Info - 2021-10-19 13:54:51 --> Database Driver Class Initialized
Info - 2021-10-19 13:54:52 --> Database Driver Class Initialized
Info - 2021-10-19 13:54:52 --> Database Driver Class Initialized
Info - 2021-10-19 13:54:53 --> Database Driver Class Initialized
Info - 2021-10-19 13:54:54 --> Database Driver Class Initialized
Info - 2021-10-19 13:54:54 --> Database Driver Class Initialized
Info - 2021-10-19 13:55:02 --> Database Driver Class Initialized
Info - 2021-10-19 13:55:07 --> Database Driver Class Initialized
Info - 2021-10-19 13:55:09 --> Database Driver Class Initialized
Info - 2021-10-19 13:55:09 --> Database Driver Class Initialized
Info - 2021-10-19 13:56:35 --> Database Driver Class Initialized
Info - 2021-10-19 13:56:38 --> Database Driver Class Initialized
Info - 2021-10-19 13:56:40 --> Database Driver Class Initialized
Info - 2021-10-19 13:56:41 --> Database Driver Class Initialized
Info - 2021-10-19 13:56:42 --> Database Driver Class Initialized
Info - 2021-10-19 13:56:43 --> Database Driver Class Initialized
Info - 2021-10-19 13:56:44 --> Database Driver Class Initialized
Info - 2021-10-19 13:56:44 --> Database Driver Class Initialized
Info - 2021-10-19 14:19:20 --> Database Driver Class Initialized
Error - 2021-10-19 14:19:20 --> Severity: Error --> Exception: Too few arguments to function show_error(), 0 passed in /mnt/c/Posao/backend/src/sys/model.php on line 56 and at least 1 expected /mnt/c/Posao/backend/src/sys/common.php 66
Info - 2021-10-19 14:19:38 --> Database Driver Class Initialized
Error - 2021-10-19 14:19:38 --> Severity: Error --> Exception: Too few arguments to function show_error(), 0 passed in /mnt/c/Posao/backend/src/sys/model.php on line 56 and at least 1 expected /mnt/c/Posao/backend/src/sys/common.php 66
Info - 2021-10-19 14:19:55 --> Database Driver Class Initialized
Error - 2021-10-19 14:19:55 --> Severity: Error --> Exception: Too few arguments to function show_error(), 0 passed in /mnt/c/Posao/backend/src/sys/model.php on line 56 and at least 1 expected /mnt/c/Posao/backend/src/sys/common.php 66
Info - 2021-10-19 14:19:56 --> Database Driver Class Initialized
Error - 2021-10-19 14:19:56 --> Severity: Error --> Exception: Too few arguments to function show_error(), 0 passed in /mnt/c/Posao/backend/src/sys/model.php on line 56 and at least 1 expected /mnt/c/Posao/backend/src/sys/common.php 66
Info - 2021-10-19 14:20:06 --> Database Driver Class Initialized
Info - 2021-10-19 14:20:16 --> Database Driver Class Initialized
Info - 2021-10-19 14:20:17 --> Database Driver Class Initialized
Info - 2021-10-19 14:20:17 --> Database Driver Class Initialized
Info - 2021-10-19 14:20:17 --> Database Driver Class Initialized
Info - 2021-10-19 14:20:20 --> Database Driver Class Initialized
Info - 2021-10-19 14:20:21 --> Database Driver Class Initialized
Info - 2021-10-19 14:20:27 --> Database Driver Class Initialized
Info - 2021-10-19 14:20:28 --> Database Driver Class Initialized
Info - 2021-10-19 14:20:28 --> Database Driver Class Initialized
Info - 2021-10-19 14:20:28 --> Database Driver Class Initialized
Info - 2021-10-19 14:20:28 --> Database Driver Class Initialized
Info - 2021-10-19 14:20:29 --> Database Driver Class Initialized
Info - 2021-10-19 14:20:29 --> Database Driver Class Initialized
Info - 2021-10-19 14:20:51 --> Database Driver Class Initialized
Error - 2021-10-19 14:20:51 --> Severity: Error --> Exception: Too few arguments to function show_error(), 0 passed in /mnt/c/Posao/backend/src/sys/model.php on line 56 and at least 1 expected /mnt/c/Posao/backend/src/sys/common.php 66
Info - 2021-10-19 14:22:07 --> Database Driver Class Initialized
Info - 2021-10-19 14:22:59 --> Database Driver Class Initialized
Info - 2021-10-19 14:23:06 --> Database Driver Class Initialized
Info - 2021-10-19 14:23:44 --> Database Driver Class Initialized
Info - 2021-10-19 14:23:56 --> Database Driver Class Initialized
Error - 2021-10-19 14:24:13 --> Severity: Error --> Exception: syntax error, unexpected ')' /mnt/c/Posao/backend/src/sys/model.php 47
Info - 2021-10-19 14:24:20 --> Database Driver Class Initialized
Info - 2021-10-19 14:25:35 --> Database Driver Class Initialized
Info - 2021-10-19 14:25:42 --> Database Driver Class Initialized
Info - 2021-10-19 14:29:09 --> Database Driver Class Initialized
Error - 2021-10-19 14:29:09 --> Severity: Warning --> mysqli::real_connect(): (HY000/1045): Access denied for user ''@'localhost' (using password: YES) /mnt/c/Posao/backend/src/sys/database/drivers/mysqli/mysqli_driver.php 203
Error - 2021-10-19 14:29:09 --> Unable to connect to the database
Info - 2021-10-19 14:29:46 --> Database Driver Class Initialized
Info - 2021-10-19 14:33:28 --> Database Driver Class Initialized
Info - 2021-10-19 14:51:44 --> Database Driver Class Initialized
Info - 2021-10-19 14:51:44 --> Database Driver Class Initialized
Info - 2021-10-19 14:55:56 --> Database Driver Class Initialized
Info - 2021-10-19 14:55:57 --> Database Driver Class Initialized
Info - 2021-10-19 14:57:49 --> Database Driver Class Initialized
Info - 2021-10-19 14:58:20 --> Database Driver Class Initialized
Info - 2021-10-19 14:58:24 --> Database Driver Class Initialized
Info - 2021-10-19 14:58:29 --> Database Driver Class Initialized
Info - 2021-10-19 14:58:31 --> Database Driver Class Initialized
Info - 2021-10-19 14:58:32 --> Database Driver Class Initialized
Info - 2021-10-19 14:58:38 --> Database Driver Class Initialized
Info - 2021-10-19 14:59:37 --> Database Driver Class Initialized
Info - 2021-10-19 14:59:39 --> Database Driver Class Initialized
Info - 2021-10-19 15:00:04 --> Database Driver Class Initialized
Info - 2021-10-19 15:00:13 --> Database Driver Class Initialized
Info - 2021-10-19 15:00:16 --> Database Driver Class Initialized
Info - 2021-10-19 15:00:41 --> Database Driver Class Initialized
Info - 2021-10-19 15:00:50 --> Database Driver Class Initialized
Info - 2021-10-19 15:00:53 --> Database Driver Class Initialized
Info - 2021-10-19 15:01:01 --> Database Driver Class Initialized
Info - 2021-10-19 15:01:05 --> Database Driver Class Initialized
Info - 2021-10-19 15:01:09 --> Database Driver Class Initialized
Info - 2021-10-19 15:01:13 --> Database Driver Class Initialized
Info - 2021-10-19 15:01:21 --> Database Driver Class Initialized
Info - 2021-10-19 15:01:23 --> Database Driver Class Initialized
Info - 2021-10-19 15:01:35 --> Database Driver Class Initialized
Info - 2021-10-19 15:01:36 --> Database Driver Class Initialized
Info - 2021-10-19 15:05:36 --> Database Driver Class Initialized
Info - 2021-10-19 15:06:54 --> Database Driver Class Initialized
Info - 2021-10-19 15:07:36 --> Database Driver Class Initialized
Info - 2021-10-19 15:07:36 --> Database Driver Class Initialized
Info - 2021-10-19 15:07:37 --> Database Driver Class Initialized
Info - 2021-10-19 15:07:41 --> Database Driver Class Initialized
Info - 2021-10-19 15:08:40 --> Database Driver Class Initialized
Error - 2021-10-19 15:08:40 --> Severity: Error --> Exception: Call to undefined method CI_DB_mysqli_result::get_compiled_select() /mnt/c/Posao/backend/src/app/ljudski_resursi/index.php 12
Error - 2021-10-19 15:09:36 --> Severity: Error --> Exception: syntax error, unexpected ';', expecting ',' or ')' /mnt/c/Posao/backend/src/app/ljudski_resursi/index.php 12
Info - 2021-10-19 15:09:50 --> Database Driver Class Initialized
Info - 2021-10-19 15:10:05 --> Database Driver Class Initialized
Info - 2021-10-19 15:10:13 --> Database Driver Class Initialized
Info - 2021-10-19 15:11:42 --> Database Driver Class Initialized
Error - 2021-10-19 15:11:42 --> Query error: You have an error in your SQL syntax; check the manual that corresponds to your MySQL server version for the right syntax to use near 'WHERE id =  5
 LIMIT 10, 1' at line 2 - Invalid query: SELECT *
WHERE id =  5
 LIMIT 10, 1
Info - 2021-10-19 15:12:17 --> Database Driver Class Initialized
Error - 2021-10-19 15:12:17 --> Query error: You have an error in your SQL syntax; check the manual that corresponds to your MySQL server version for the right syntax to use near 'WHERE id =  5
 LIMIT 10, 1' at line 2 - Invalid query: SELECT *
WHERE id =  5
 LIMIT 10, 1
Info - 2021-10-19 15:12:18 --> Database Driver Class Initialized
Error - 2021-10-19 15:12:18 --> Query error: You have an error in your SQL syntax; check the manual that corresponds to your MySQL server version for the right syntax to use near 'WHERE id =  5
 LIMIT 10, 1' at line 2 - Invalid query: SELECT *
WHERE id =  5
 LIMIT 10, 1
Info - 2021-10-19 15:12:18 --> Database Driver Class Initialized
Error - 2021-10-19 15:12:18 --> Query error: You have an error in your SQL syntax; check the manual that corresponds to your MySQL server version for the right syntax to use near 'WHERE id =  5
 LIMIT 10, 1' at line 2 - Invalid query: SELECT *
WHERE id =  5
 LIMIT 10, 1
Info - 2021-10-19 15:12:32 --> Database Driver Class Initialized
Error - 2021-10-19 15:12:32 --> Query error: You have an error in your SQL syntax; check the manual that corresponds to your MySQL server version for the right syntax to use near 'WHERE id =  5
 LIMIT 10, 1' at line 2 - Invalid query: SELECT ljudski_resursi
WHERE id =  5
 LIMIT 10, 1
Info - 2021-10-19 15:12:33 --> Database Driver Class Initialized
Error - 2021-10-19 15:12:33 --> Query error: You have an error in your SQL syntax; check the manual that corresponds to your MySQL server version for the right syntax to use near 'WHERE id =  5
 LIMIT 10, 1' at line 2 - Invalid query: SELECT ljudski_resursi
WHERE id =  5
 LIMIT 10, 1
Info - 2021-10-19 15:12:33 --> Database Driver Class Initialized
Error - 2021-10-19 15:12:33 --> Query error: You have an error in your SQL syntax; check the manual that corresponds to your MySQL server version for the right syntax to use near 'WHERE id =  5
 LIMIT 10, 1' at line 2 - Invalid query: SELECT ljudski_resursi
WHERE id =  5
 LIMIT 10, 1
Info - 2021-10-19 15:12:34 --> Database Driver Class Initialized
Error - 2021-10-19 15:12:34 --> Query error: You have an error in your SQL syntax; check the manual that corresponds to your MySQL server version for the right syntax to use near 'WHERE id =  5
 LIMIT 10, 1' at line 2 - Invalid query: SELECT ljudski_resursi
WHERE id =  5
 LIMIT 10, 1
Info - 2021-10-19 15:12:42 --> Database Driver Class Initialized
Error - 2021-10-19 15:12:42 --> Query error: You have an error in your SQL syntax; check the manual that corresponds to your MySQL server version for the right syntax to use near 'WHERE id =  5' at line 2 - Invalid query: SELECT ljudski_resursi
WHERE id =  5
Info - 2021-10-19 15:13:31 --> Database Driver Class Initialized
Error - 2021-10-19 15:13:31 --> Severity: Error --> Exception: Call to undefined method CI_DB_mysqli_driver::result() /mnt/c/Posao/backend/src/app/ljudski_resursi/index.php 12
Info - 2021-10-19 15:13:33 --> Database Driver Class Initialized
Error - 2021-10-19 15:13:33 --> Severity: Error --> Exception: Call to undefined method CI_DB_mysqli_driver::result() /mnt/c/Posao/backend/src/app/ljudski_resursi/index.php 12
Info - 2021-10-19 15:13:39 --> Database Driver Class Initialized
Info - 2021-10-19 15:13:41 --> Database Driver Class Initialized
Info - 2021-10-19 15:13:47 --> Database Driver Class Initialized
Info - 2021-10-19 15:14:05 --> Database Driver Class Initialized
Error - 2021-10-19 15:14:05 --> Severity: Error --> Exception: Call to undefined method CI_DB_mysqli_result::limit() /mnt/c/Posao/backend/src/app/ljudski_resursi/index.php 12
Info - 2021-10-19 15:15:15 --> Database Driver Class Initialized
Error - 2021-10-19 15:15:15 --> Severity: Error --> Exception: Call to undefined method CI_DB_mysqli_result::limit() /mnt/c/Posao/backend/src/app/ljudski_resursi/index.php 12
Info - 2021-10-19 15:15:15 --> Database Driver Class Initialized
Error - 2021-10-19 15:15:15 --> Severity: Error --> Exception: Call to undefined method CI_DB_mysqli_result::limit() /mnt/c/Posao/backend/src/app/ljudski_resursi/index.php 12
Info - 2021-10-19 15:15:16 --> Database Driver Class Initialized
Error - 2021-10-19 15:15:16 --> Severity: Error --> Exception: Call to undefined method CI_DB_mysqli_result::limit() /mnt/c/Posao/backend/src/app/ljudski_resursi/index.php 12
Info - 2021-10-19 15:15:16 --> Database Driver Class Initialized
Error - 2021-10-19 15:15:16 --> Severity: Error --> Exception: Call to undefined method CI_DB_mysqli_result::limit() /mnt/c/Posao/backend/src/app/ljudski_resursi/index.php 12
Info - 2021-10-19 15:15:28 --> Database Driver Class Initialized
Info - 2021-10-19 15:15:29 --> Database Driver Class Initialized
Info - 2021-10-19 15:16:35 --> Database Driver Class Initialized
Info - 2021-10-19 15:16:35 --> Database Driver Class Initialized
Info - 2021-10-19 15:16:36 --> Database Driver Class Initialized
Info - 2021-10-19 15:16:41 --> Database Driver Class Initialized
Info - 2021-10-19 15:16:46 --> Database Driver Class Initialized
Info - 2021-10-19 15:17:14 --> Database Driver Class Initialized
Info - 2021-10-19 15:17:35 --> Database Driver Class Initialized
Info - 2021-10-19 15:17:36 --> Database Driver Class Initialized
Info - 2021-10-19 15:17:36 --> Database Driver Class Initialized
Info - 2021-10-19 15:17:42 --> Database Driver Class Initialized
Info - 2021-10-19 15:17:43 --> Database Driver Class Initialized
Info - 2021-10-19 15:17:49 --> Database Driver Class Initialized
Info - 2021-10-19 15:17:49 --> Database Driver Class Initialized
Info - 2021-10-19 15:17:56 --> Database Driver Class Initialized
Error - 2021-10-19 15:17:56 --> Severity: Warning --> json_encode() expects at least 1 parameter, 0 given /mnt/c/Posao/backend/src/app/ljudski_resursi/index.php 12
Info - 2021-10-19 15:18:30 --> Database Driver Class Initialized
Error - 2021-10-19 15:18:30 --> Severity: Error --> Exception: Call to undefined method CI_DB_mysqli_driver::result() /mnt/c/Posao/backend/src/app/ljudski_resursi/index.php 12
Info - 2021-10-19 15:18:31 --> Database Driver Class Initialized
Error - 2021-10-19 15:18:31 --> Severity: Error --> Exception: Call to undefined method CI_DB_mysqli_driver::result() /mnt/c/Posao/backend/src/app/ljudski_resursi/index.php 12
Info - 2021-10-19 15:18:37 --> Database Driver Class Initialized
Info - 2021-10-19 15:18:52 --> Database Driver Class Initialized
Info - 2021-10-19 15:19:06 --> Database Driver Class Initialized
Info - 2021-10-19 15:19:07 --> Database Driver Class Initialized
Info - 2021-10-19 15:19:12 --> Database Driver Class Initialized
Info - 2021-10-19 15:19:13 --> Database Driver Class Initialized
Info - 2021-10-19 15:19:13 --> Database Driver Class Initialized
Info - 2021-10-19 15:19:28 --> Database Driver Class Initialized
Error - 2021-10-19 15:19:28 --> Severity: Error --> Exception: Call to undefined method CI_DB_mysqli_driver::result() /mnt/c/Posao/backend/src/app/ljudski_resursi/index.php 12
Error - 2021-10-19 15:20:15 --> Severity: Error --> Exception: syntax error, unexpected ';', expecting ',' or ')' /mnt/c/Posao/backend/src/app/ljudski_resursi/index.php 12
Error - 2021-10-19 15:20:15 --> Severity: Error --> Exception: syntax error, unexpected ';', expecting ',' or ')' /mnt/c/Posao/backend/src/app/ljudski_resursi/index.php 12
Info - 2021-10-19 15:20:22 --> Database Driver Class Initialized
Info - 2021-10-19 15:20:39 --> Database Driver Class Initialized
Error - 2021-10-19 15:20:39 --> Severity: Error --> Exception: Call to a member function from() on string /mnt/c/Posao/backend/src/app/ljudski_resursi/index.php 12
Info - 2021-10-19 15:20:48 --> Database Driver Class Initialized
Info - 2021-10-19 15:22:32 --> Database Driver Class Initialized
Error - 2021-10-19 15:22:32 --> Query error: You have an error in your SQL syntax; check the manual that corresponds to your MySQL server version for the right syntax to use near 'WHERE id =  5' at line 2 - Invalid query: SELECT *
WHERE id =  5
Info - 2021-10-19 15:22:48 --> Database Driver Class Initialized
Info - 2021-10-19 15:23:13 --> Database Driver Class Initialized
Info - 2021-10-19 15:23:13 --> Database Driver Class Initialized
Info - 2021-10-19 15:23:14 --> Database Driver Class Initialized
Info - 2021-10-19 15:23:14 --> Database Driver Class Initialized
Info - 2021-10-19 15:23:14 --> Database Driver Class Initialized
Info - 2021-10-19 15:23:15 --> Database Driver Class Initialized
Info - 2021-10-19 15:23:33 --> Database Driver Class Initialized
Info - 2021-10-19 15:23:43 --> Database Driver Class Initialized
Info - 2021-10-19 15:24:08 --> Database Driver Class Initialized
Info - 2021-10-19 15:24:15 --> Database Driver Class Initialized
Info - 2021-10-19 15:24:22 --> Database Driver Class Initialized
Info - 2021-10-19 15:25:53 --> Database Driver Class Initialized
Info - 2021-10-19 15:26:02 --> Database Driver Class Initialized
Info - 2021-10-19 15:26:09 --> Database Driver Class Initialized
Info - 2021-10-19 15:29:13 --> Database Driver Class Initialized
Info - 2021-10-19 15:29:17 --> Database Driver Class Initialized
Info - 2021-10-19 15:29:31 --> Database Driver Class Initialized
Info - 2021-10-19 15:29:42 --> Database Driver Class Initialized
Info - 2021-10-19 15:29:46 --> Database Driver Class Initialized
Info - 2021-10-19 15:29:55 --> Database Driver Class Initialized
Info - 2021-10-19 15:30:02 --> Database Driver Class Initialized
Info - 2021-10-19 15:31:26 --> Database Driver Class Initialized
Info - 2021-10-19 15:31:27 --> Database Driver Class Initialized
Info - 2021-10-19 15:31:28 --> Database Driver Class Initialized
Info - 2021-10-19 15:31:28 --> Database Driver Class Initialized
Info - 2021-10-19 15:31:28 --> Database Driver Class Initialized
Info - 2021-10-19 15:31:31 --> Database Driver Class Initialized
Info - 2021-10-19 15:31:57 --> Database Driver Class Initialized
Error - 2021-10-19 15:33:00 --> Severity: Error --> Exception: syntax error, unexpected 'DESC' (T_STRING), expecting ',' or ')' /mnt/c/Posao/backend/src/app/ljudski_resursi/index.php 14
Info - 2021-10-19 15:33:10 --> Database Driver Class Initialized
Info - 2021-10-19 15:33:26 --> Database Driver Class Initialized
Info - 2021-10-19 15:33:45 --> Database Driver Class Initialized
Info - 2021-10-19 15:34:07 --> Database Driver Class Initialized
Info - 2021-10-19 15:34:08 --> Database Driver Class Initialized
Info - 2021-10-19 15:34:08 --> Database Driver Class Initialized
Info - 2021-10-19 15:34:09 --> Database Driver Class Initialized
Info - 2021-10-19 15:34:13 --> Database Driver Class Initialized
Error - 2021-10-19 15:34:13 --> Query error: You have an error in your SQL syntax; check the manual that corresponds to your MySQL server version for the right syntax to use near 'WHERE ime IN('ivo', 'pvo', 'ovo', 'uvo')' at line 2 - Invalid query: SELECT COUNT(*) AS numrows
WHERE ime IN('ivo', 'pvo', 'ovo', 'uvo')
Info - 2021-10-19 15:34:14 --> Database Driver Class Initialized
Error - 2021-10-19 15:34:14 --> Query error: You have an error in your SQL syntax; check the manual that corresponds to your MySQL server version for the right syntax to use near 'WHERE ime IN('ivo', 'pvo', 'ovo', 'uvo')' at line 2 - Invalid query: SELECT COUNT(*) AS numrows
WHERE ime IN('ivo', 'pvo', 'ovo', 'uvo')
Info - 2021-10-19 15:35:31 --> Database Driver Class Initialized
Info - 2021-10-19 15:35:33 --> Database Driver Class Initialized
Info - 2021-10-19 15:35:34 --> Database Driver Class Initialized
Info - 2021-10-19 15:35:38 --> Database Driver Class Initialized
Info - 2021-10-19 15:35:39 --> Database Driver Class Initialized
Info - 2021-10-19 15:35:39 --> Database Driver Class Initialized
Info - 2021-10-19 15:35:44 --> Database Driver Class Initialized
Error - 2021-10-19 15:35:44 --> Severity: 4096 --> Object of class CI_DB_mysqli_result could not be converted to string /mnt/c/Posao/backend/src/app/ljudski_resursi/index.php 12
Info - 2021-10-19 15:35:50 --> Database Driver Class Initialized
Error - 2021-10-19 15:35:50 --> Query error: You have an error in your SQL syntax; check the manual that corresponds to your MySQL server version for the right syntax to use near 'WHERE ime IN('ivo', 'pvo', 'ovo', 'uvo')' at line 2 - Invalid query: SELECT COUNT(*) AS numrows
WHERE ime IN('ivo', 'pvo', 'ovo', 'uvo')
Info - 2021-10-19 15:36:35 --> Database Driver Class Initialized
Info - 2021-10-19 15:36:51 --> Database Driver Class Initialized
Error - 2021-10-19 15:36:51 --> Query error: Not unique table/alias: 'ljudski_resursi' - Invalid query: SELECT *
FROM ljudski_resursi, ljudski_resursi
 LIMIT 20
Info - 2021-10-19 15:36:53 --> Database Driver Class Initialized
Error - 2021-10-19 15:36:53 --> Query error: Not unique table/alias: 'ljudski_resursi' - Invalid query: SELECT *
FROM ljudski_resursi, ljudski_resursi
 LIMIT 20
Info - 2021-10-19 15:37:15 --> Database Driver Class Initialized
Error - 2021-10-19 15:37:15 --> Severity: Error --> Exception: Call to undefined method CI_DB_mysqli_driver::result() /mnt/c/Posao/backend/src/app/ljudski_resursi/index.php 14
Info - 2021-10-19 15:37:26 --> Database Driver Class Initialized
Error - 2021-10-19 15:37:26 --> Severity: Error --> Exception: Call to undefined method CI_DB_mysqli_driver::resultSet() /mnt/c/Posao/backend/src/app/ljudski_resursi/index.php 14
Info - 2021-10-19 15:37:37 --> Database Driver Class Initialized
Info - 2021-10-19 15:37:38 --> Database Driver Class Initialized
Info - 2021-10-19 15:37:59 --> Database Driver Class Initialized
Info - 2021-10-19 15:38:03 --> Database Driver Class Initialized
Info - 2021-10-19 15:38:11 --> Database Driver Class Initialized
Info - 2021-10-19 15:38:16 --> Database Driver Class Initialized
