Error - 2021-10-15 08:55:26 --> Severity: Notice --> Undefined variable: sql /mnt/c/Posao/backend/src/config/mysql_driver.php 93
Error - 2021-10-15 08:55:26 --> Severity: Warning --> Illegal string offset 'ime' /mnt/c/Posao/backend/src/config/mysql_driver.php 96
Error - 2021-10-15 08:55:26 --> Severity: Error --> Exception: Only variables can be passed by reference /mnt/c/Posao/backend/src/config/mysql_driver.php 96
Error - 2021-10-15 08:56:06 --> Severity: Notice --> Undefined variable: sql /mnt/c/Posao/backend/src/config/mysql_driver.php 93
Error - 2021-10-15 08:56:06 --> Severity: Warning --> Illegal string offset 'ime' /mnt/c/Posao/backend/src/config/mysql_driver.php 96
Error - 2021-10-15 08:56:06 --> Severity: Error --> Exception: Only variables can be passed by reference /mnt/c/Posao/backend/src/config/mysql_driver.php 96
Error - 2021-10-15 08:56:44 --> Severity: Notice --> Undefined variable: sqlQuery /mnt/c/Posao/backend/src/config/mysql_driver.php 93
Error - 2021-10-15 08:56:44 --> Severity: Warning --> Illegal string offset 'ime' /mnt/c/Posao/backend/src/config/mysql_driver.php 96
Error - 2021-10-15 08:56:44 --> Severity: Error --> Exception: Only variables can be passed by reference /mnt/c/Posao/backend/src/config/mysql_driver.php 96
Error - 2021-10-15 08:57:18 --> Severity: Warning --> Illegal string offset 'ime' /mnt/c/Posao/backend/src/config/mysql_driver.php 96
Error - 2021-10-15 08:57:18 --> Severity: Error --> Exception: Only variables can be passed by reference /mnt/c/Posao/backend/src/config/mysql_driver.php 96
Error - 2021-10-15 09:01:38 --> Severity: Warning --> Illegal string offset 'ime' /mnt/c/Posao/backend/src/config/mysql_driver.php 94
Error - 2021-10-15 09:01:38 --> Severity: Error --> Exception: Only variables can be passed by reference /mnt/c/Posao/backend/src/config/mysql_driver.php 94
Error - 2021-10-15 09:10:15 --> Severity: Warning --> Illegal string offset 'ime' /mnt/c/Posao/backend/src/config/mysql_driver.php 94
Error - 2021-10-15 09:10:15 --> Severity: Error --> Exception: Only variables can be passed by reference /mnt/c/Posao/backend/src/config/mysql_driver.php 94
Error - 2021-10-15 09:12:55 --> Severity: Warning --> Illegal string offset 'ime' /mnt/c/Posao/backend/src/config/mysql_driver.php 95
Error - 2021-10-15 09:12:55 --> Severity: Error --> Exception: Only variables can be passed by reference /mnt/c/Posao/backend/src/config/mysql_driver.php 95
Error - 2021-10-15 09:12:56 --> Severity: Warning --> Illegal string offset 'ime' /mnt/c/Posao/backend/src/config/mysql_driver.php 95
Error - 2021-10-15 09:12:56 --> Severity: Error --> Exception: Only variables can be passed by reference /mnt/c/Posao/backend/src/config/mysql_driver.php 95
Error - 2021-10-15 09:15:09 --> Severity: Warning --> Illegal string offset 'ime' /mnt/c/Posao/backend/src/config/mysql_driver.php 95
Error - 2021-10-15 09:15:09 --> Severity: Error --> Exception: Only variables can be passed by reference /mnt/c/Posao/backend/src/config/mysql_driver.php 95
Error - 2021-10-15 09:15:10 --> Severity: Warning --> Illegal string offset 'ime' /mnt/c/Posao/backend/src/config/mysql_driver.php 95
Error - 2021-10-15 09:15:10 --> Severity: Error --> Exception: Only variables can be passed by reference /mnt/c/Posao/backend/src/config/mysql_driver.php 95
Error - 2021-10-15 09:18:26 --> Severity: Error --> Exception: syntax error, unexpected 'else' (T_ELSE), expecting function (T_FUNCTION) or const (T_CONST) /mnt/c/Posao/backend/src/config/mysql_driver.php 99
Error - 2021-10-15 09:18:46 --> Severity: Warning --> Illegal string offset 'ime' /mnt/c/Posao/backend/src/config/mysql_driver.php 94
Error - 2021-10-15 09:18:46 --> Severity: Error --> Exception: Only variables can be passed by reference /mnt/c/Posao/backend/src/config/mysql_driver.php 94
Error - 2021-10-15 09:20:00 --> Severity: Warning --> Illegal string offset 'ime' /mnt/c/Posao/backend/src/config/mysql_driver.php 89
Error - 2021-10-15 09:20:00 --> Severity: Warning --> Illegal string offset 'prezime' /mnt/c/Posao/backend/src/config/mysql_driver.php 90
Error - 2021-10-15 09:20:00 --> Severity: Warning --> Illegal string offset 'adresa' /mnt/c/Posao/backend/src/config/mysql_driver.php 91
Error - 2021-10-15 09:20:00 --> Severity: Warning --> mysqli_stmt::bind_param(): Number of elements in type definition string doesn't match number of bind variables /mnt/c/Posao/backend/src/config/mysql_driver.php 97
Error - 2021-10-15 09:20:32 --> Severity: Warning --> Illegal string offset 'ime' /mnt/c/Posao/backend/src/config/mysql_driver.php 94
Error - 2021-10-15 09:20:32 --> Severity: Error --> Exception: Only variables can be passed by reference /mnt/c/Posao/backend/src/config/mysql_driver.php 94
Error - 2021-10-15 09:21:02 --> Severity: Warning --> Illegal string offset 'ime' /mnt/c/Posao/backend/src/config/mysql_driver.php 94
Error - 2021-10-15 09:21:02 --> Severity: Error --> Exception: Only variables can be passed by reference /mnt/c/Posao/backend/src/config/mysql_driver.php 94
Error - 2021-10-15 09:21:02 --> Severity: Warning --> Illegal string offset 'ime' /mnt/c/Posao/backend/src/config/mysql_driver.php 94
Error - 2021-10-15 09:21:02 --> Severity: Error --> Exception: Only variables can be passed by reference /mnt/c/Posao/backend/src/config/mysql_driver.php 94
Error - 2021-10-15 09:21:22 --> Severity: Error --> Exception: Call to a member function bind_param() on boolean /mnt/c/Posao/backend/src/config/mysql_driver.php 94
Error - 2021-10-15 09:22:22 --> Severity: Warning --> Illegal string offset 'ime' /mnt/c/Posao/backend/src/config/mysql_driver.php 94
Error - 2021-10-15 09:22:22 --> Severity: Error --> Exception: Only variables can be passed by reference /mnt/c/Posao/backend/src/config/mysql_driver.php 94
Error - 2021-10-15 09:22:42 --> Severity: Warning --> Illegal string offset 'ime' /mnt/c/Posao/backend/src/config/mysql_driver.php 94
Error - 2021-10-15 09:22:42 --> Severity: Error --> Exception: Only variables can be passed by reference /mnt/c/Posao/backend/src/config/mysql_driver.php 94
Error - 2021-10-15 09:24:52 --> Severity: Warning --> Illegal string offset 'ime' /mnt/c/Posao/backend/src/config/mysql_driver.php 94
Error - 2021-10-15 09:24:52 --> Severity: Error --> Exception: Only variables can be passed by reference /mnt/c/Posao/backend/src/config/mysql_driver.php 94
Error - 2021-10-15 09:27:37 --> Severity: Warning --> Illegal string offset 'ime' /mnt/c/Posao/backend/src/config/mysql_driver.php 94
Error - 2021-10-15 09:27:37 --> Severity: Error --> Exception: Only variables can be passed by reference /mnt/c/Posao/backend/src/config/mysql_driver.php 94
Error - 2021-10-15 09:28:36 --> Severity: Warning --> mysqli_stmt_bind_param(): Number of elements in type definition string doesn't match number of bind variables /mnt/c/Posao/backend/src/config/mysql_driver.php 94
Error - 2021-10-15 09:30:51 --> Severity: Warning --> Use of undefined constant ime - assumed 'ime' (this will throw an Error in a future version of PHP) /mnt/c/Posao/backend/src/app/ljudski_resursi/common.php 21
Error - 2021-10-15 09:30:51 --> Severity: Warning --> Illegal string offset 'ime' /mnt/c/Posao/backend/src/app/ljudski_resursi/common.php 21
Error - 2021-10-15 09:30:58 --> Severity: Warning --> Illegal string offset 'ime' /mnt/c/Posao/backend/src/app/ljudski_resursi/common.php 21
Error - 2021-10-15 09:30:59 --> Severity: Warning --> Illegal string offset 'ime' /mnt/c/Posao/backend/src/app/ljudski_resursi/common.php 21
Error - 2021-10-15 09:34:07 --> Severity: Warning --> mysqli_stmt_bind_param(): Number of elements in type definition string doesn't match number of bind variables /mnt/c/Posao/backend/src/config/mysql_driver.php 94
Error - 2021-10-15 09:59:08 --> Severity: Error --> Exception: Class 'baza' not found /mnt/c/Posao/backend/src/sys/init.php 8
Error - 2021-10-15 10:06:57 --> Severity: Notice --> Undefined index: query /mnt/c/Posao/backend/index.php 16
Error - 2021-10-15 10:06:57 --> Severity: Notice --> Array to string conversion /mnt/c/Posao/backend/index.php 18
Error - 2021-10-15 10:12:01 --> Severity: Warning --> trim() expects parameter 1 to be string, array given /mnt/c/Posao/backend/index.php 20
Error - 2021-10-15 10:12:01 --> Severity: Notice --> Undefined index: query /mnt/c/Posao/backend/index.php 23
Error - 2021-10-15 10:12:01 --> Severity: Notice --> Undefined offset: 1 /mnt/c/Posao/backend/index.php 26
Error - 2021-10-15 10:12:01 --> Severity: Notice --> Array to string conversion /mnt/c/Posao/backend/index.php 31
Error - 2021-10-15 10:13:44 --> Severity: Notice --> Array to string conversion /mnt/c/Posao/backend/index.php 17
Error - 2021-10-15 10:14:01 --> Severity: Notice --> Undefined variable: get_array /mnt/c/Posao/backend/index.php 16
Error - 2021-10-15 10:14:01 --> Severity: Notice --> Undefined variable: get_array /mnt/c/Posao/backend/index.php 17
Error - 2021-10-15 10:20:05 --> Severity: Notice --> Array to string conversion /mnt/c/Posao/backend/index.php 21
Error - 2021-10-15 10:20:15 --> Severity: Notice --> Array to string conversion /mnt/c/Posao/backend/index.php 21
Error - 2021-10-15 10:20:16 --> Severity: Notice --> Array to string conversion /mnt/c/Posao/backend/index.php 21
Error - 2021-10-15 10:29:05 --> Severity: Error --> Exception: Function name must be a string /mnt/c/Posao/backend/index.php 21
Error - 2021-10-15 10:30:09 --> Severity: Notice --> Array to string conversion /mnt/c/Posao/backend/index.php 21
Error - 2021-10-15 10:30:10 --> Severity: Notice --> Array to string conversion /mnt/c/Posao/backend/index.php 21
Error - 2021-10-15 10:30:24 --> Severity: Notice --> Array to string conversion /mnt/c/Posao/backend/index.php 21
Error - 2021-10-15 10:30:34 --> Severity: Notice --> Array to string conversion /mnt/c/Posao/backend/index.php 21
Error - 2021-10-15 10:32:12 --> Severity: Notice --> Undefined index: func /mnt/c/Posao/backend/index.php 18
Error - 2021-10-15 10:32:12 --> Severity: Notice --> Array to string conversion /mnt/c/Posao/backend/index.php 23
Error - 2021-10-15 10:33:32 --> Severity: Notice --> Array to string conversion /mnt/c/Posao/backend/index.php 23
Error - 2021-10-15 10:33:48 --> Severity: Notice --> Array to string conversion /mnt/c/Posao/backend/index.php 23
Error - 2021-10-15 10:34:19 --> Severity: Notice --> Array to string conversion /mnt/c/Posao/backend/index.php 19
Error - 2021-10-15 10:34:20 --> Severity: Notice --> Array to string conversion /mnt/c/Posao/backend/index.php 19
Error - 2021-10-15 10:34:21 --> Severity: Notice --> Array to string conversion /mnt/c/Posao/backend/index.php 19
Error - 2021-10-15 10:41:26 --> Severity: Notice --> Undefined offset: -1 /mnt/c/Posao/backend/index.php 19
Error - 2021-10-15 10:41:43 --> Severity: Notice --> Undefined offset: -1 /mnt/c/Posao/backend/index.php 19
Error - 2021-10-15 10:45:11 --> Severity: Notice --> Undefined index: per_page /mnt/c/Posao/backend/index.php 22
Error - 2021-10-15 10:45:11 --> Severity: Notice --> Undefined index: page /mnt/c/Posao/backend/index.php 23
Error - 2021-10-15 10:47:16 --> Severity: Notice --> Undefined index: per_page /mnt/c/Posao/backend/index.php 22
Error - 2021-10-15 10:47:16 --> Severity: Notice --> Undefined index: page /mnt/c/Posao/backend/index.php 23
Error - 2021-10-15 10:47:17 --> Severity: Notice --> Undefined index: per_page /mnt/c/Posao/backend/index.php 22
Error - 2021-10-15 10:47:17 --> Severity: Notice --> Undefined index: page /mnt/c/Posao/backend/index.php 23
Error - 2021-10-15 10:47:17 --> Severity: Notice --> Undefined index: per_page /mnt/c/Posao/backend/index.php 22
Error - 2021-10-15 10:47:17 --> Severity: Notice --> Undefined index: page /mnt/c/Posao/backend/index.php 23
Error - 2021-10-15 10:47:17 --> Severity: Notice --> Undefined index: per_page /mnt/c/Posao/backend/index.php 22
Error - 2021-10-15 10:47:17 --> Severity: Notice --> Undefined index: page /mnt/c/Posao/backend/index.php 23
Error - 2021-10-15 10:47:17 --> Severity: Notice --> Undefined index: per_page /mnt/c/Posao/backend/index.php 22
Error - 2021-10-15 10:47:17 --> Severity: Notice --> Undefined index: page /mnt/c/Posao/backend/index.php 23
Error - 2021-10-15 10:47:17 --> Severity: Notice --> Undefined index: per_page /mnt/c/Posao/backend/index.php 22
Error - 2021-10-15 10:47:17 --> Severity: Notice --> Undefined index: page /mnt/c/Posao/backend/index.php 23
Error - 2021-10-15 12:21:04 --> Severity: Notice --> Undefined index: PATH_INFO /mnt/c/Posao/backend/index.php 33
Error - 2021-10-15 12:24:58 --> Severity: Notice --> Array to string conversion /mnt/c/Posao/backend/index.php 25
Error - 2021-10-15 12:24:58 --> Severity: Error --> Exception: Class 'ljudski' not found /mnt/c/Posao/backend/index.php 27
Error - 2021-10-15 12:24:59 --> Severity: Notice --> Array to string conversion /mnt/c/Posao/backend/index.php 25
Error - 2021-10-15 12:24:59 --> Severity: Error --> Exception: Class 'ljudski' not found /mnt/c/Posao/backend/index.php 27
Error - 2021-10-15 12:25:00 --> Severity: Notice --> Array to string conversion /mnt/c/Posao/backend/index.php 25
Error - 2021-10-15 12:25:00 --> Severity: Error --> Exception: Class 'ljudski' not found /mnt/c/Posao/backend/index.php 27
Error - 2021-10-15 12:25:08 --> Severity: Notice --> Array to string conversion /mnt/c/Posao/backend/index.php 25
Error - 2021-10-15 12:25:49 --> Severity: Notice --> Array to string conversion /mnt/c/Posao/backend/index.php 25
Error - 2021-10-15 12:25:50 --> Severity: Notice --> Array to string conversion /mnt/c/Posao/backend/index.php 25
Error - 2021-10-15 12:25:50 --> Severity: Notice --> Array to string conversion /mnt/c/Posao/backend/index.php 25
Error - 2021-10-15 12:25:50 --> Severity: Notice --> Array to string conversion /mnt/c/Posao/backend/index.php 25
Error - 2021-10-15 12:25:51 --> Severity: Notice --> Array to string conversion /mnt/c/Posao/backend/index.php 25
Error - 2021-10-15 12:25:51 --> Severity: Notice --> Array to string conversion /mnt/c/Posao/backend/index.php 25
Error - 2021-10-15 12:28:25 --> Severity: Error --> Exception: Class 'ljudski' not found /mnt/c/Posao/backend/index.php 23
Error - 2021-10-15 12:29:47 --> Severity: Warning --> include(src/app/ljudski_resursiindex.php): failed to open stream: No such file or directory /mnt/c/Posao/backend/index.php 23
Error - 2021-10-15 12:29:47 --> Severity: Warning --> include(): Failed opening 'src/app/ljudski_resursiindex.php' for inclusion (include_path='.:/usr/share/php') /mnt/c/Posao/backend/index.php 23
Error - 2021-10-15 12:29:47 --> Severity: Error --> Exception: Class 'ljudski' not found /mnt/c/Posao/backend/index.php 24
Error - 2021-10-15 12:29:57 --> Severity: Error --> Exception: syntax error, unexpected '*' /mnt/c/Posao/backend/src/sys/model.php 20
Error - 2021-10-15 12:30:34 --> Severity: Error --> Exception: syntax error, unexpected '*' /mnt/c/Posao/backend/src/sys/model.php 21
Error - 2021-10-15 12:30:34 --> Severity: Error --> Exception: syntax error, unexpected '*' /mnt/c/Posao/backend/src/sys/model.php 21
Error - 2021-10-15 12:30:35 --> Severity: Error --> Exception: syntax error, unexpected '*' /mnt/c/Posao/backend/src/sys/model.php 21
Error - 2021-10-15 12:30:36 --> Severity: Error --> Exception: syntax error, unexpected '*' /mnt/c/Posao/backend/src/sys/model.php 21
Error - 2021-10-15 12:30:36 --> Severity: Error --> Exception: syntax error, unexpected '*' /mnt/c/Posao/backend/src/sys/model.php 21
Error - 2021-10-15 12:30:36 --> Severity: Error --> Exception: syntax error, unexpected '*' /mnt/c/Posao/backend/src/sys/model.php 21
Error - 2021-10-15 12:30:52 --> Severity: Error --> Exception: Call to a member function select() on null /mnt/c/Posao/backend/src/sys/model.php 21
Error - 2021-10-15 12:36:34 --> Severity: Error --> Exception: Call to a member function select() on null /mnt/c/Posao/backend/src/sys/model.php 22
Error - 2021-10-15 12:36:51 --> Severity: Error --> Exception: Call to a member function select() on null /mnt/c/Posao/backend/src/sys/model.php 22
Error - 2021-10-15 12:36:51 --> Severity: Error --> Exception: Call to a member function select() on null /mnt/c/Posao/backend/src/sys/model.php 22
Error - 2021-10-15 12:36:52 --> Severity: Error --> Exception: Call to a member function select() on null /mnt/c/Posao/backend/src/sys/model.php 22
Error - 2021-10-15 12:37:38 --> Severity: Notice --> Undefined variable: table /mnt/c/Posao/backend/src/app/ljudski_resursi/index.php 7
Error - 2021-10-15 12:37:38 --> Severity: Error --> Exception: Call to a member function select() on null /mnt/c/Posao/backend/src/sys/model.php 22
Error - 2021-10-15 12:39:59 --> Severity: Error --> Exception: Cannot access private property default_model::$table /mnt/c/Posao/backend/src/app/ljudski_resursi/index.php 7
Error - 2021-10-15 12:40:12 --> Severity: Error --> Exception: Access to undeclared static property: default_model::$table /mnt/c/Posao/backend/src/app/ljudski_resursi/index.php 7
Error - 2021-10-15 12:40:52 --> Severity: Notice --> Accessing static property ljudski::$table as non static /mnt/c/Posao/backend/src/app/ljudski_resursi/index.php 8
Error - 2021-10-15 12:40:52 --> Severity: Error --> Exception: Call to a member function select() on null /mnt/c/Posao/backend/src/sys/model.php 22
Error - 2021-10-15 12:40:59 --> Severity: Error --> Exception: Access to undeclared static property: default_model::$table /mnt/c/Posao/backend/src/app/ljudski_resursi/index.php 7
Error - 2021-10-15 12:43:56 --> Severity: Error --> Exception: Access to undeclared static property: default_model::$table /mnt/c/Posao/backend/src/app/ljudski_resursi/index.php 7
Error - 2021-10-15 12:43:57 --> Severity: Error --> Exception: Access to undeclared static property: default_model::$table /mnt/c/Posao/backend/src/app/ljudski_resursi/index.php 7
Error - 2021-10-15 12:46:56 --> Severity: Error --> Exception: Call to a member function select() on null /mnt/c/Posao/backend/src/sys/model.php 22
Error - 2021-10-15 12:46:57 --> Severity: Error --> Exception: Call to a member function select() on null /mnt/c/Posao/backend/src/sys/model.php 22
Error - 2021-10-15 12:48:20 --> Severity: Error --> Exception: Call to a member function select() on null /mnt/c/Posao/backend/src/sys/model.php 22
Error - 2021-10-15 12:48:22 --> Severity: Error --> Exception: Call to a member function select() on null /mnt/c/Posao/backend/src/sys/model.php 22
Error - 2021-10-15 12:48:23 --> Severity: Error --> Exception: Call to a member function select() on null /mnt/c/Posao/backend/src/sys/model.php 22
Error - 2021-10-15 12:48:23 --> Severity: Error --> Exception: Call to a member function select() on null /mnt/c/Posao/backend/src/sys/model.php 22
Error - 2021-10-15 12:48:25 --> Severity: Error --> Exception: Call to a member function select() on null /mnt/c/Posao/backend/src/sys/model.php 22
Error - 2021-10-15 12:49:12 --> Severity: Error --> Exception: Call to a member function select() on null /mnt/c/Posao/backend/src/sys/model.php 21
Error - 2021-10-15 12:56:26 --> Severity: Error --> Exception: Call to a member function select() on null /mnt/c/Posao/backend/src/sys/model.php 21
Error - 2021-10-15 12:56:27 --> Severity: Error --> Exception: Call to a member function select() on null /mnt/c/Posao/backend/src/sys/model.php 21
Error - 2021-10-15 12:56:27 --> Severity: Error --> Exception: Call to a member function select() on null /mnt/c/Posao/backend/src/sys/model.php 21
Error - 2021-10-15 12:56:28 --> Severity: Error --> Exception: Call to a member function select() on null /mnt/c/Posao/backend/src/sys/model.php 21
Error - 2021-10-15 12:56:28 --> Severity: Error --> Exception: Call to a member function select() on null /mnt/c/Posao/backend/src/sys/model.php 21
Error - 2021-10-15 12:56:28 --> Severity: Error --> Exception: Call to a member function select() on null /mnt/c/Posao/backend/src/sys/model.php 21
Error - 2021-10-15 12:56:28 --> Severity: Error --> Exception: Call to a member function select() on null /mnt/c/Posao/backend/src/sys/model.php 21
Error - 2021-10-15 12:56:28 --> Severity: Error --> Exception: Call to a member function select() on null /mnt/c/Posao/backend/src/sys/model.php 21
Error - 2021-10-15 12:56:28 --> Severity: Error --> Exception: Call to a member function select() on null /mnt/c/Posao/backend/src/sys/model.php 21
Error - 2021-10-15 12:56:28 --> Severity: Error --> Exception: Call to a member function select() on null /mnt/c/Posao/backend/src/sys/model.php 21
Error - 2021-10-15 12:56:28 --> Severity: Error --> Exception: Call to a member function select() on null /mnt/c/Posao/backend/src/sys/model.php 21
Error - 2021-10-15 12:56:28 --> Severity: Error --> Exception: Call to a member function select() on null /mnt/c/Posao/backend/src/sys/model.php 21
Error - 2021-10-15 12:56:28 --> Severity: Error --> Exception: Call to a member function select() on null /mnt/c/Posao/backend/src/sys/model.php 21
Error - 2021-10-15 12:56:28 --> Severity: Error --> Exception: Call to a member function select() on null /mnt/c/Posao/backend/src/sys/model.php 21
Error - 2021-10-15 12:56:28 --> Severity: Error --> Exception: Call to a member function select() on null /mnt/c/Posao/backend/src/sys/model.php 21
Error - 2021-10-15 12:56:29 --> Severity: Error --> Exception: Call to a member function select() on null /mnt/c/Posao/backend/src/sys/model.php 21
Error - 2021-10-15 12:56:29 --> Severity: Error --> Exception: Call to a member function select() on null /mnt/c/Posao/backend/src/sys/model.php 21
Error - 2021-10-15 12:56:29 --> Severity: Error --> Exception: Call to a member function select() on null /mnt/c/Posao/backend/src/sys/model.php 21
Error - 2021-10-15 12:56:29 --> Severity: Error --> Exception: Call to a member function select() on null /mnt/c/Posao/backend/src/sys/model.php 21
Error - 2021-10-15 12:56:29 --> Severity: Error --> Exception: Call to a member function select() on null /mnt/c/Posao/backend/src/sys/model.php 21
Error - 2021-10-15 12:56:43 --> Severity: Error --> Exception: Call to a member function select() on null /mnt/c/Posao/backend/src/sys/model.php 21
Error - 2021-10-15 12:56:43 --> Severity: Error --> Exception: Call to a member function select() on null /mnt/c/Posao/backend/src/sys/model.php 21
Error - 2021-10-15 12:56:43 --> Severity: Error --> Exception: Call to a member function select() on null /mnt/c/Posao/backend/src/sys/model.php 21
Error - 2021-10-15 12:56:44 --> Severity: Error --> Exception: Call to a member function select() on null /mnt/c/Posao/backend/src/sys/model.php 21
Error - 2021-10-15 12:56:44 --> Severity: Error --> Exception: Call to a member function select() on null /mnt/c/Posao/backend/src/sys/model.php 21
Error - 2021-10-15 12:57:30 --> Severity: Error --> Exception: Class 'ljudski' not found /mnt/c/Posao/backend/index.php 24
Error - 2021-10-15 12:57:36 --> Severity: Error --> Exception: Call to a member function select() on null /mnt/c/Posao/backend/src/sys/model.php 21
Error - 2021-10-15 13:00:03 --> Severity: Error --> Exception: Call to a member function select() on null /mnt/c/Posao/backend/src/sys/model.php 21
Error - 2021-10-15 13:02:06 --> Severity: Error --> Exception: Call to a member function select() on null /mnt/c/Posao/backend/src/sys/model.php 21
Error - 2021-10-15 13:02:06 --> Severity: Error --> Exception: Call to a member function select() on null /mnt/c/Posao/backend/src/sys/model.php 21
Error - 2021-10-15 13:02:07 --> Severity: Error --> Exception: Call to a member function select() on null /mnt/c/Posao/backend/src/sys/model.php 21
Error - 2021-10-15 13:02:07 --> Severity: Error --> Exception: Call to a member function select() on null /mnt/c/Posao/backend/src/sys/model.php 21
Error - 2021-10-15 13:04:29 --> Severity: Error --> Exception: Call to a member function select() on null /mnt/c/Posao/backend/src/sys/model.php 20
Error - 2021-10-15 13:04:30 --> Severity: Error --> Exception: Call to a member function select() on null /mnt/c/Posao/backend/src/sys/model.php 20
Error - 2021-10-15 13:04:31 --> Severity: Error --> Exception: Call to a member function select() on null /mnt/c/Posao/backend/src/sys/model.php 20
Error - 2021-10-15 13:04:31 --> Severity: Error --> Exception: Call to a member function select() on null /mnt/c/Posao/backend/src/sys/model.php 20
Error - 2021-10-15 13:04:39 --> Severity: Error --> Exception: Call to a member function select() on null /mnt/c/Posao/backend/src/sys/model.php 21
Error - 2021-10-15 13:04:40 --> Severity: Error --> Exception: Call to a member function select() on null /mnt/c/Posao/backend/src/sys/model.php 21
Error - 2021-10-15 13:04:48 --> Severity: Error --> Exception: Call to a member function select() on null /mnt/c/Posao/backend/src/sys/model.php 20
Error - 2021-10-15 13:04:48 --> Severity: Error --> Exception: Call to a member function select() on null /mnt/c/Posao/backend/src/sys/model.php 20
Error - 2021-10-15 13:04:49 --> Severity: Error --> Exception: Call to a member function select() on null /mnt/c/Posao/backend/src/sys/model.php 20
Error - 2021-10-15 13:04:49 --> Severity: Error --> Exception: Call to a member function select() on null /mnt/c/Posao/backend/src/sys/model.php 20
Error - 2021-10-15 13:05:31 --> Severity: Error --> Exception: Call to a member function select() on null /mnt/c/Posao/backend/src/sys/model.php 22
Error - 2021-10-15 13:05:31 --> Severity: Error --> Exception: Call to a member function select() on null /mnt/c/Posao/backend/src/sys/model.php 22
Error - 2021-10-15 13:05:32 --> Severity: Error --> Exception: Call to a member function select() on null /mnt/c/Posao/backend/src/sys/model.php 22
Error - 2021-10-15 13:05:32 --> Severity: Error --> Exception: Call to a member function select() on null /mnt/c/Posao/backend/src/sys/model.php 22
Error - 2021-10-15 13:07:29 --> Severity: Error --> Exception: Call to a member function select() on null /mnt/c/Posao/backend/src/sys/model.php 21
Error - 2021-10-15 13:09:03 --> Severity: Error --> Exception: syntax error, unexpected ';', expecting function (T_FUNCTION) or const (T_CONST) /mnt/c/Posao/backend/src/sys/model.php 6
Error - 2021-10-15 13:09:55 --> Severity: Error --> Exception: Call to a member function select() on null /mnt/c/Posao/backend/src/sys/model.php 21
Error - 2021-10-15 13:09:56 --> Severity: Error --> Exception: Call to a member function select() on null /mnt/c/Posao/backend/src/sys/model.php 21
Error - 2021-10-15 13:10:24 --> Severity: Error --> Exception: Call to a member function select() on null /mnt/c/Posao/backend/src/sys/model.php 21
Error - 2021-10-15 13:10:24 --> Severity: Error --> Exception: Call to a member function select() on null /mnt/c/Posao/backend/src/sys/model.php 21
Error - 2021-10-15 13:10:25 --> Severity: Error --> Exception: Call to a member function select() on null /mnt/c/Posao/backend/src/sys/model.php 21
Error - 2021-10-15 13:10:25 --> Severity: Error --> Exception: Call to a member function select() on null /mnt/c/Posao/backend/src/sys/model.php 21
Error - 2021-10-15 13:10:25 --> Severity: Error --> Exception: Call to a member function select() on null /mnt/c/Posao/backend/src/sys/model.php 21
Error - 2021-10-15 13:10:25 --> Severity: Error --> Exception: Call to a member function select() on null /mnt/c/Posao/backend/src/sys/model.php 21
Error - 2021-10-15 13:16:00 --> Severity: Warning --> A non-numeric value encountered /mnt/c/Posao/backend/src/sys/model.php 20
Error - 2021-10-15 13:16:50 --> Severity: Warning --> A non-numeric value encountered /mnt/c/Posao/backend/src/sys/model.php 20
Error - 2021-10-15 13:16:50 --> Severity: Warning --> A non-numeric value encountered /mnt/c/Posao/backend/src/sys/model.php 22
Error - 2021-10-15 13:17:39 --> Severity: Warning --> A non-numeric value encountered /mnt/c/Posao/backend/src/sys/model.php 21
Error - 2021-10-15 13:20:18 --> Severity: Notice --> Undefined variable: sqlQuery /mnt/c/Posao/backend/src/config/mysql_driver.php 128
Error - 2021-10-15 13:20:18 --> Severity: Notice --> Undefined property: baza::$ /mnt/c/Posao/backend/src/config/mysql_driver.php 128
Error - 2021-10-15 13:23:48 --> Severity: Error --> Exception: Call to undefined function clean() /mnt/c/Posao/backend/index.php 23
Error - 2021-10-15 13:23:48 --> Severity: Error --> Exception: Call to undefined function clean() /mnt/c/Posao/backend/index.php 23
Error - 2021-10-15 13:37:52 --> Severity: Notice --> Array to string conversion /mnt/c/Posao/backend/index.php 26
Error - 2021-10-15 13:37:53 --> Severity: Notice --> Array to string conversion /mnt/c/Posao/backend/index.php 26
Error - 2021-10-15 13:38:05 --> Severity: Notice --> Array to string conversion /mnt/c/Posao/backend/index.php 26
Error - 2021-10-15 13:39:24 --> Severity: Notice --> Array to string conversion /mnt/c/Posao/backend/src/config/mysql_driver.php 73
Error - 2021-10-15 13:39:24 --> Severity: Error --> Exception: Unsupported operand types /mnt/c/Posao/backend/src/sys/model.php 20
Error - 2021-10-15 13:40:59 --> Severity: Notice --> Array to string conversion /mnt/c/Posao/backend/src/config/mysql_driver.php 73
Error - 2021-10-15 13:40:59 --> Severity: Error --> Exception: Unsupported operand types /mnt/c/Posao/backend/src/sys/model.php 20
Error - 2021-10-15 13:59:58 --> Severity: Notice --> Undefined variable: per_page /mnt/c/Posao/backend/src/sys/model.php 28
Error - 2021-10-15 13:59:58 --> Severity: Notice --> Undefined variable: per_page /mnt/c/Posao/backend/src/sys/model.php 28
Error - 2021-10-15 13:59:58 --> Severity: Notice --> Undefined variable: page /mnt/c/Posao/backend/src/sys/model.php 28
Error - 2021-10-15 14:07:37 --> Severity: Notice --> Undefined offset: 0 /mnt/c/Posao/backend/index.php 14
Error - 2021-10-15 14:07:37 --> Severity: Notice --> Array to string conversion /mnt/c/Posao/backend/index.php 15
Error - 2021-10-15 14:07:58 --> Severity: Notice --> Undefined offset: 0 /mnt/c/Posao/backend/index.php 14
Error - 2021-10-15 14:07:59 --> Severity: Notice --> Undefined offset: 0 /mnt/c/Posao/backend/index.php 14
Error - 2021-10-15 14:11:48 --> Severity: Notice --> Undefined offset: 6 /mnt/c/Posao/backend/index.php 16
Error - 2021-10-15 14:14:11 --> Severity: Notice --> Undefined variable: new_data1 /mnt/c/Posao/backend/index.php 21
Error - 2021-10-15 14:14:11 --> Severity: Warning --> count(): Parameter must be an array or an object that implements Countable /mnt/c/Posao/backend/index.php 21
Error - 2021-10-15 14:14:11 --> Severity: Notice --> Undefined variable: new_data1 /mnt/c/Posao/backend/index.php 21
Error - 2021-10-15 14:16:13 --> Severity: Notice --> Undefined variable: per_page /mnt/c/Posao/backend/src/sys/model.php 28
Error - 2021-10-15 14:16:13 --> Severity: Notice --> Undefined variable: per_page /mnt/c/Posao/backend/src/sys/model.php 28
Error - 2021-10-15 14:16:13 --> Severity: Notice --> Undefined variable: page /mnt/c/Posao/backend/src/sys/model.php 28
Error - 2021-10-15 14:49:01 --> Severity: Error --> Exception: syntax error, unexpected 'else' (T_ELSE), expecting function (T_FUNCTION) or const (T_CONST) /mnt/c/Posao/backend/src/config/mysql_driver.php 116
Error - 2021-10-15 14:49:44 --> Severity: Error --> Exception: Call to a member function result() on boolean /mnt/c/Posao/backend/src/sys/model.php 35
Error - 2021-10-15 14:55:58 --> Severity: Error --> Exception: Call to a member function result() on boolean /mnt/c/Posao/backend/src/sys/model.php 35
Error - 2021-10-15 14:56:07 --> Severity: Error --> Exception: Call to a member function result() on boolean /mnt/c/Posao/backend/src/sys/model.php 35
Error - 2021-10-15 14:57:58 --> Severity: Error --> Exception: Call to a member function result() on boolean /mnt/c/Posao/backend/src/sys/model.php 35
Error - 2021-10-15 15:01:26 --> Severity: Warning --> Invalid argument supplied for foreach() /mnt/c/Posao/backend/src/config/mysql_driver.php 106
Error - 2021-10-15 15:01:26 --> Severity: Error --> Exception: Call to a member function result() on boolean /mnt/c/Posao/backend/src/sys/model.php 35
Error - 2021-10-15 15:05:11 --> Severity: Error --> Exception: Call to a member function result() on boolean /mnt/c/Posao/backend/src/sys/model.php 35
Error - 2021-10-15 15:05:38 --> Severity: Error --> Exception: Call to a member function result() on boolean /mnt/c/Posao/backend/src/sys/model.php 35
Error - 2021-10-15 15:16:29 --> Severity: Error --> Exception: Call to a member function result() on boolean /mnt/c/Posao/backend/src/sys/model.php 35
Error - 2021-10-15 15:16:33 --> Severity: Error --> Exception: Call to a member function result() on boolean /mnt/c/Posao/backend/src/sys/model.php 35
Error - 2021-10-15 15:17:54 --> Severity: Error --> Exception: Call to a member function result() on boolean /mnt/c/Posao/backend/src/sys/model.php 35
Error - 2021-10-15 15:19:34 --> Severity: Error --> Exception: Call to a member function result() on boolean /mnt/c/Posao/backend/src/sys/model.php 35
Error - 2021-10-15 15:20:02 --> Severity: Error --> Exception: Call to a member function result() on boolean /mnt/c/Posao/backend/src/sys/model.php 35
Error - 2021-10-15 15:20:06 --> Severity: Error --> Exception: Call to a member function result() on boolean /mnt/c/Posao/backend/src/sys/model.php 35
Error - 2021-10-15 15:21:19 --> Severity: Warning --> Invalid argument supplied for foreach() /mnt/c/Posao/backend/src/config/mysql_driver.php 106
Error - 2021-10-15 15:21:19 --> Severity: Notice --> Undefined variable: keys /mnt/c/Posao/backend/src/config/mysql_driver.php 113
Error - 2021-10-15 15:21:19 --> Severity: Warning --> implode(): Invalid arguments passed /mnt/c/Posao/backend/src/config/mysql_driver.php 113
Error - 2021-10-15 15:21:19 --> Severity: Error --> Exception: Call to a member function result() on null /mnt/c/Posao/backend/src/sys/model.php 35
Error - 2021-10-15 15:22:23 --> Severity: Warning --> Invalid argument supplied for foreach() /mnt/c/Posao/backend/src/config/mysql_driver.php 106
Error - 2021-10-15 15:22:23 --> Severity: Notice --> Array to string conversion /mnt/c/Posao/backend/src/config/mysql_driver.php 112
Error - 2021-10-15 15:22:23 --> Severity: Notice --> Array to string conversion /mnt/c/Posao/backend/src/config/mysql_driver.php 113
Error - 2021-10-15 15:22:23 --> Severity: Notice --> Undefined variable: keys /mnt/c/Posao/backend/src/config/mysql_driver.php 116
Error - 2021-10-15 15:22:23 --> Severity: Warning --> implode(): Invalid arguments passed /mnt/c/Posao/backend/src/config/mysql_driver.php 116
Error - 2021-10-15 15:22:23 --> Severity: Error --> Exception: Call to a member function result() on null /mnt/c/Posao/backend/src/sys/model.php 35
Error - 2021-10-15 15:28:43 --> Severity: Error --> Exception: Call to undefined method baza::escape_identifiers() /mnt/c/Posao/backend/src/config/mysql_driver.php 108
Error - 2021-10-15 15:30:33 --> Severity: Notice --> Undefined property: baza::$_escape_char /mnt/c/Posao/backend/src/config/mysql_driver.php 150
Error - 2021-10-15 15:30:33 --> Severity: Notice --> Undefined variable: keys /mnt/c/Posao/backend/src/config/mysql_driver.php 113
Error - 2021-10-15 15:30:33 --> Severity: Warning --> implode(): Invalid arguments passed /mnt/c/Posao/backend/src/config/mysql_driver.php 113
Error - 2021-10-15 15:30:33 --> Severity: Error --> Exception: Call to a member function result() on null /mnt/c/Posao/backend/src/sys/model.php 36
Error - 2021-10-15 15:31:17 --> Severity: Notice --> Undefined variable: keys /mnt/c/Posao/backend/src/config/mysql_driver.php 113
Error - 2021-10-15 15:31:17 --> Severity: Warning --> implode(): Invalid arguments passed /mnt/c/Posao/backend/src/config/mysql_driver.php 113
Error - 2021-10-15 15:31:17 --> Severity: Error --> Exception: Call to a member function result() on null /mnt/c/Posao/backend/src/sys/model.php 36
Error - 2021-10-15 15:31:48 --> Severity: Error --> Exception: Call to a member function result() on null /mnt/c/Posao/backend/src/sys/model.php 36
Error - 2021-10-15 15:37:03 --> Severity: Notice --> Array to string conversion /mnt/c/Posao/backend/src/sys/model.php 24
Error - 2021-10-15 15:37:44 --> Severity: Notice --> Undefined variable: post1 /mnt/c/Posao/backend/src/sys/model.php 23
Error - 2021-10-15 15:38:09 --> Severity: Warning --> Invalid argument supplied for foreach() /mnt/c/Posao/backend/src/config/mysql_driver.php 107
Error - 2021-10-15 15:39:00 --> Severity: Warning --> Invalid argument supplied for foreach() /mnt/c/Posao/backend/src/config/mysql_driver.php 107
Error - 2021-10-15 15:40:08 --> Severity: Warning --> array_values() expects parameter 1 to be array, string given /mnt/c/Posao/backend/src/config/mysql_driver.php 104
Error - 2021-10-15 15:40:08 --> Severity: Warning --> Invalid argument supplied for foreach() /mnt/c/Posao/backend/src/config/mysql_driver.php 106
Error - 2021-10-15 15:40:08 --> Severity: Notice --> Undefined variable: fields /mnt/c/Posao/backend/src/config/mysql_driver.php 113
Error - 2021-10-15 15:40:08 --> Severity: Warning --> implode(): Invalid arguments passed /mnt/c/Posao/backend/src/config/mysql_driver.php 113
Error - 2021-10-15 15:40:08 --> Severity: Notice --> Undefined variable: values /mnt/c/Posao/backend/src/config/mysql_driver.php 113
Error - 2021-10-15 15:40:08 --> Severity: Warning --> implode(): Invalid arguments passed /mnt/c/Posao/backend/src/config/mysql_driver.php 113
Error - 2021-10-15 15:40:50 --> Severity: Warning --> array_values() expects parameter 1 to be array, string given /mnt/c/Posao/backend/src/config/mysql_driver.php 104
Error - 2021-10-15 15:40:50 --> Severity: Warning --> Invalid argument supplied for foreach() /mnt/c/Posao/backend/src/config/mysql_driver.php 106
Error - 2021-10-15 15:40:50 --> Severity: Notice --> Undefined variable: fields /mnt/c/Posao/backend/src/config/mysql_driver.php 113
Error - 2021-10-15 15:40:50 --> Severity: Warning --> implode(): Invalid arguments passed /mnt/c/Posao/backend/src/config/mysql_driver.php 113
Error - 2021-10-15 15:40:50 --> Severity: Notice --> Undefined variable: values /mnt/c/Posao/backend/src/config/mysql_driver.php 113
Error - 2021-10-15 15:40:50 --> Severity: Warning --> implode(): Invalid arguments passed /mnt/c/Posao/backend/src/config/mysql_driver.php 113
Error - 2021-10-15 15:41:19 --> Severity: Warning --> array_values() expects parameter 1 to be array, string given /mnt/c/Posao/backend/src/config/mysql_driver.php 104
Error - 2021-10-15 15:41:19 --> Severity: Warning --> Invalid argument supplied for foreach() /mnt/c/Posao/backend/src/config/mysql_driver.php 106
Error - 2021-10-15 15:41:19 --> Severity: Notice --> Undefined variable: fields /mnt/c/Posao/backend/src/config/mysql_driver.php 113
Error - 2021-10-15 15:41:19 --> Severity: Warning --> implode(): Invalid arguments passed /mnt/c/Posao/backend/src/config/mysql_driver.php 113
Error - 2021-10-15 15:41:19 --> Severity: Notice --> Undefined variable: values /mnt/c/Posao/backend/src/config/mysql_driver.php 113
Error - 2021-10-15 15:41:19 --> Severity: Warning --> implode(): Invalid arguments passed /mnt/c/Posao/backend/src/config/mysql_driver.php 113
Error - 2021-10-15 15:41:39 --> Severity: Warning --> array_values() expects parameter 1 to be array, string given /mnt/c/Posao/backend/src/config/mysql_driver.php 104
Error - 2021-10-15 15:41:39 --> Severity: Warning --> Invalid argument supplied for foreach() /mnt/c/Posao/backend/src/config/mysql_driver.php 106
Error - 2021-10-15 15:41:39 --> Severity: Notice --> Undefined variable: fields /mnt/c/Posao/backend/src/config/mysql_driver.php 113
Error - 2021-10-15 15:41:39 --> Severity: Warning --> implode(): Invalid arguments passed /mnt/c/Posao/backend/src/config/mysql_driver.php 113
Error - 2021-10-15 15:41:39 --> Severity: Notice --> Undefined variable: values /mnt/c/Posao/backend/src/config/mysql_driver.php 113
Error - 2021-10-15 15:41:39 --> Severity: Warning --> implode(): Invalid arguments passed /mnt/c/Posao/backend/src/config/mysql_driver.php 113
Error - 2021-10-15 15:42:17 --> Severity: Warning --> array_values() expects parameter 1 to be array, string given /mnt/c/Posao/backend/src/config/mysql_driver.php 104
Error - 2021-10-15 15:42:17 --> Severity: Warning --> Invalid argument supplied for foreach() /mnt/c/Posao/backend/src/config/mysql_driver.php 106
Error - 2021-10-15 15:42:17 --> Severity: Notice --> Undefined variable: fields /mnt/c/Posao/backend/src/config/mysql_driver.php 113
Error - 2021-10-15 15:42:17 --> Severity: Warning --> implode(): Invalid arguments passed /mnt/c/Posao/backend/src/config/mysql_driver.php 113
Error - 2021-10-15 15:42:17 --> Severity: Notice --> Undefined variable: values /mnt/c/Posao/backend/src/config/mysql_driver.php 113
Error - 2021-10-15 15:42:17 --> Severity: Warning --> implode(): Invalid arguments passed /mnt/c/Posao/backend/src/config/mysql_driver.php 113
Error - 2021-10-15 15:42:44 --> Severity: Warning --> array_values() expects parameter 1 to be array, string given /mnt/c/Posao/backend/src/config/mysql_driver.php 104
Error - 2021-10-15 15:42:44 --> Severity: Warning --> Invalid argument supplied for foreach() /mnt/c/Posao/backend/src/config/mysql_driver.php 106
Error - 2021-10-15 15:42:44 --> Severity: Error --> Exception: Call to a member function result() on boolean /mnt/c/Posao/backend/src/sys/model.php 36
Error - 2021-10-15 15:42:55 --> Severity: Warning --> array_values() expects parameter 1 to be array, string given /mnt/c/Posao/backend/src/config/mysql_driver.php 104
Error - 2021-10-15 15:42:55 --> Severity: Warning --> Invalid argument supplied for foreach() /mnt/c/Posao/backend/src/config/mysql_driver.php 106
Error - 2021-10-15 15:42:55 --> Severity: Error --> Exception: Call to a member function result() on boolean /mnt/c/Posao/backend/src/sys/model.php 36
Error - 2021-10-15 15:43:01 --> Severity: Warning --> array_values() expects parameter 1 to be array, string given /mnt/c/Posao/backend/src/config/mysql_driver.php 104
Error - 2021-10-15 15:43:01 --> Severity: Warning --> Invalid argument supplied for foreach() /mnt/c/Posao/backend/src/config/mysql_driver.php 106
Error - 2021-10-15 15:43:01 --> Severity: Error --> Exception: Call to a member function result() on boolean /mnt/c/Posao/backend/src/sys/model.php 36
Error - 2021-10-15 15:43:09 --> Severity: Warning --> array_values() expects parameter 1 to be array, string given /mnt/c/Posao/backend/src/config/mysql_driver.php 104
Error - 2021-10-15 15:43:09 --> Severity: Warning --> Invalid argument supplied for foreach() /mnt/c/Posao/backend/src/config/mysql_driver.php 106
Error - 2021-10-15 15:43:09 --> Severity: Error --> Exception: Call to a member function result() on boolean /mnt/c/Posao/backend/src/sys/model.php 36
Error - 2021-10-15 15:51:17 --> Severity: Warning --> array_values() expects parameter 1 to be array, string given /mnt/c/Posao/backend/src/config/mysql_driver.php 104
Error - 2021-10-15 15:51:17 --> Severity: Warning --> Invalid argument supplied for foreach() /mnt/c/Posao/backend/src/config/mysql_driver.php 106
Error - 2021-10-15 15:51:17 --> Severity: Notice --> Undefined variable: fields /mnt/c/Posao/backend/src/config/mysql_driver.php 113
Error - 2021-10-15 15:51:17 --> Severity: Warning --> implode(): Invalid arguments passed /mnt/c/Posao/backend/src/config/mysql_driver.php 113
Error - 2021-10-15 15:51:17 --> Severity: Notice --> Undefined variable: values /mnt/c/Posao/backend/src/config/mysql_driver.php 113
Error - 2021-10-15 15:51:17 --> Severity: Warning --> implode(): Invalid arguments passed /mnt/c/Posao/backend/src/config/mysql_driver.php 113
Error - 2021-10-15 15:52:22 --> Severity: Warning --> array_values() expects parameter 1 to be array, null given /mnt/c/Posao/backend/src/config/mysql_driver.php 104
Error - 2021-10-15 15:52:22 --> Severity: Warning --> Invalid argument supplied for foreach() /mnt/c/Posao/backend/src/config/mysql_driver.php 106
Error - 2021-10-15 15:52:22 --> Severity: Error --> Exception: Call to a member function result() on boolean /mnt/c/Posao/backend/src/sys/model.php 34
Error - 2021-10-15 15:52:41 --> Severity: Warning --> array_values() expects parameter 1 to be array, null given /mnt/c/Posao/backend/src/config/mysql_driver.php 104
Error - 2021-10-15 15:52:41 --> Severity: Warning --> Invalid argument supplied for foreach() /mnt/c/Posao/backend/src/config/mysql_driver.php 106
Error - 2021-10-15 15:52:41 --> Severity: Error --> Exception: Call to a member function result() on boolean /mnt/c/Posao/backend/src/sys/model.php 35
Error - 2021-10-15 15:52:42 --> Severity: Warning --> array_values() expects parameter 1 to be array, null given /mnt/c/Posao/backend/src/config/mysql_driver.php 104
Error - 2021-10-15 15:52:42 --> Severity: Warning --> Invalid argument supplied for foreach() /mnt/c/Posao/backend/src/config/mysql_driver.php 106
Error - 2021-10-15 15:52:42 --> Severity: Error --> Exception: Call to a member function result() on boolean /mnt/c/Posao/backend/src/sys/model.php 35
Error - 2021-10-15 15:52:43 --> Severity: Warning --> array_values() expects parameter 1 to be array, null given /mnt/c/Posao/backend/src/config/mysql_driver.php 104
Error - 2021-10-15 15:52:43 --> Severity: Warning --> Invalid argument supplied for foreach() /mnt/c/Posao/backend/src/config/mysql_driver.php 106
Error - 2021-10-15 15:52:43 --> Severity: Error --> Exception: Call to a member function result() on boolean /mnt/c/Posao/backend/src/sys/model.php 35
Error - 2021-10-15 15:52:43 --> Severity: Warning --> array_values() expects parameter 1 to be array, null given /mnt/c/Posao/backend/src/config/mysql_driver.php 104
Error - 2021-10-15 15:52:43 --> Severity: Warning --> Invalid argument supplied for foreach() /mnt/c/Posao/backend/src/config/mysql_driver.php 106
Error - 2021-10-15 15:52:43 --> Severity: Error --> Exception: Call to a member function result() on boolean /mnt/c/Posao/backend/src/sys/model.php 35
Error - 2021-10-15 15:52:43 --> Severity: Warning --> array_values() expects parameter 1 to be array, null given /mnt/c/Posao/backend/src/config/mysql_driver.php 104
Error - 2021-10-15 15:52:43 --> Severity: Warning --> Invalid argument supplied for foreach() /mnt/c/Posao/backend/src/config/mysql_driver.php 106
Error - 2021-10-15 15:52:43 --> Severity: Error --> Exception: Call to a member function result() on boolean /mnt/c/Posao/backend/src/sys/model.php 35
Error - 2021-10-15 15:52:43 --> Severity: Warning --> array_values() expects parameter 1 to be array, null given /mnt/c/Posao/backend/src/config/mysql_driver.php 104
Error - 2021-10-15 15:52:43 --> Severity: Warning --> Invalid argument supplied for foreach() /mnt/c/Posao/backend/src/config/mysql_driver.php 106
Error - 2021-10-15 15:52:43 --> Severity: Error --> Exception: Call to a member function result() on boolean /mnt/c/Posao/backend/src/sys/model.php 35
Error - 2021-10-15 15:52:56 --> Severity: Warning --> array_values() expects parameter 1 to be array, null given /mnt/c/Posao/backend/src/config/mysql_driver.php 104
Error - 2021-10-15 15:52:56 --> Severity: Warning --> Invalid argument supplied for foreach() /mnt/c/Posao/backend/src/config/mysql_driver.php 106
Error - 2021-10-15 15:52:56 --> Severity: Error --> Exception: Call to a member function result() on boolean /mnt/c/Posao/backend/src/sys/model.php 36
Error - 2021-10-15 15:53:38 --> Severity: Warning --> array_values() expects parameter 1 to be array, null given /mnt/c/Posao/backend/src/config/mysql_driver.php 104
Error - 2021-10-15 15:53:38 --> Severity: Warning --> Invalid argument supplied for foreach() /mnt/c/Posao/backend/src/config/mysql_driver.php 106
Error - 2021-10-15 15:53:38 --> Severity: Error --> Exception: Call to a member function result() on boolean /mnt/c/Posao/backend/src/sys/model.php 35
Error - 2021-10-15 15:53:42 --> Severity: Warning --> array_values() expects parameter 1 to be array, null given /mnt/c/Posao/backend/src/config/mysql_driver.php 104
Error - 2021-10-15 15:53:42 --> Severity: Warning --> Invalid argument supplied for foreach() /mnt/c/Posao/backend/src/config/mysql_driver.php 106
Error - 2021-10-15 15:53:42 --> Severity: Error --> Exception: Call to a member function result() on boolean /mnt/c/Posao/backend/src/sys/model.php 35
Error - 2021-10-15 15:53:50 --> Severity: Warning --> array_values() expects parameter 1 to be array, null given /mnt/c/Posao/backend/src/config/mysql_driver.php 104
Error - 2021-10-15 15:53:50 --> Severity: Warning --> Invalid argument supplied for foreach() /mnt/c/Posao/backend/src/config/mysql_driver.php 106
Error - 2021-10-15 15:53:50 --> Severity: Error --> Exception: Call to a member function result() on boolean /mnt/c/Posao/backend/src/sys/model.php 35
Error - 2021-10-15 15:56:23 --> Severity: Warning --> array_values() expects parameter 1 to be array, null given /mnt/c/Posao/backend/src/config/mysql_driver.php 104
Error - 2021-10-15 15:56:23 --> Severity: Warning --> Invalid argument supplied for foreach() /mnt/c/Posao/backend/src/config/mysql_driver.php 106
Error - 2021-10-15 15:56:23 --> Severity: Error --> Exception: Call to a member function result() on boolean /mnt/c/Posao/backend/src/sys/model.php 35
Error - 2021-10-15 15:57:55 --> Severity: Warning --> array_values() expects parameter 1 to be array, null given /mnt/c/Posao/backend/src/config/mysql_driver.php 104
Error - 2021-10-15 15:57:55 --> Severity: Warning --> Invalid argument supplied for foreach() /mnt/c/Posao/backend/src/config/mysql_driver.php 106
Error - 2021-10-15 15:57:55 --> Severity: Error --> Exception: Call to a member function result() on boolean /mnt/c/Posao/backend/src/sys/model.php 35
Error - 2021-10-15 15:58:19 --> Severity: Warning --> Invalid argument supplied for foreach() /mnt/c/Posao/backend/src/config/mysql_driver.php 104
Error - 2021-10-15 15:58:19 --> Severity: Error --> Exception: Call to a member function result() on boolean /mnt/c/Posao/backend/src/sys/model.php 35
Error - 2021-10-15 15:58:42 --> Severity: Warning --> Invalid argument supplied for foreach() /mnt/c/Posao/backend/src/config/mysql_driver.php 105
Error - 2021-10-15 15:58:42 --> Severity: Error --> Exception: Call to a member function result() on boolean /mnt/c/Posao/backend/src/sys/model.php 35
Error - 2021-10-15 15:58:43 --> Severity: Warning --> Invalid argument supplied for foreach() /mnt/c/Posao/backend/src/config/mysql_driver.php 105
Error - 2021-10-15 15:58:43 --> Severity: Error --> Exception: Call to a member function result() on boolean /mnt/c/Posao/backend/src/sys/model.php 35
Error - 2021-10-15 15:58:43 --> Severity: Warning --> Invalid argument supplied for foreach() /mnt/c/Posao/backend/src/config/mysql_driver.php 105
Error - 2021-10-15 15:58:43 --> Severity: Error --> Exception: Call to a member function result() on boolean /mnt/c/Posao/backend/src/sys/model.php 35
Error - 2021-10-15 15:58:43 --> Severity: Warning --> Invalid argument supplied for foreach() /mnt/c/Posao/backend/src/config/mysql_driver.php 105
Error - 2021-10-15 15:58:43 --> Severity: Error --> Exception: Call to a member function result() on boolean /mnt/c/Posao/backend/src/sys/model.php 35
Error - 2021-10-15 15:58:43 --> Severity: Warning --> Invalid argument supplied for foreach() /mnt/c/Posao/backend/src/config/mysql_driver.php 105
Error - 2021-10-15 15:58:43 --> Severity: Error --> Exception: Call to a member function result() on boolean /mnt/c/Posao/backend/src/sys/model.php 35
Error - 2021-10-15 15:58:51 --> Severity: Warning --> Invalid argument supplied for foreach() /mnt/c/Posao/backend/src/config/mysql_driver.php 105
Error - 2021-10-15 15:58:51 --> Severity: Error --> Exception: Call to a member function result() on boolean /mnt/c/Posao/backend/src/sys/model.php 35
Error - 2021-10-15 16:06:16 --> Severity: Warning --> Invalid argument supplied for foreach() /mnt/c/Posao/backend/src/config/mysql_driver.php 105
Error - 2021-10-15 16:06:16 --> Severity: Error --> Exception: Call to a member function result() on boolean /mnt/c/Posao/backend/src/sys/model.php 36
Error - 2021-10-15 16:09:10 --> Severity: Error --> Exception: Too few arguments to function ljudski::__construct(), 1 passed in /mnt/c/Posao/backend/index.php on line 15 and exactly 2 expected /mnt/c/Posao/backend/src/app/ljudski_resursi/index.php 6
Error - 2021-10-15 16:09:34 --> Severity: Warning --> Invalid argument supplied for foreach() /mnt/c/Posao/backend/src/config/mysql_driver.php 104
Error - 2021-10-15 16:09:34 --> Severity: Error --> Exception: Call to a member function result() on boolean /mnt/c/Posao/backend/src/sys/model.php 37
Error - 2021-10-15 16:10:01 --> Severity: Warning --> Invalid argument supplied for foreach() /mnt/c/Posao/backend/src/config/mysql_driver.php 104
Error - 2021-10-15 16:10:01 --> Severity: Error --> Exception: Call to a member function result() on boolean /mnt/c/Posao/backend/src/sys/model.php 38
Error - 2021-10-15 16:10:35 --> Severity: Warning --> Invalid argument supplied for foreach() /mnt/c/Posao/backend/src/config/mysql_driver.php 104
Error - 2021-10-15 16:10:35 --> Severity: Error --> Exception: Call to a member function result() on boolean /mnt/c/Posao/backend/src/sys/model.php 38
Error - 2021-10-15 16:10:58 --> Severity: Warning --> Invalid argument supplied for foreach() /mnt/c/Posao/backend/src/config/mysql_driver.php 104
Error - 2021-10-15 16:10:58 --> Severity: Error --> Exception: Call to a member function result() on boolean /mnt/c/Posao/backend/src/sys/model.php 38
Error - 2021-10-15 16:11:48 --> Severity: Warning --> Invalid argument supplied for foreach() /mnt/c/Posao/backend/src/config/mysql_driver.php 104
Error - 2021-10-15 16:11:48 --> Severity: Error --> Exception: Call to a member function result() on boolean /mnt/c/Posao/backend/src/sys/model.php 38
Error - 2021-10-15 16:12:24 --> Severity: Warning --> Invalid argument supplied for foreach() /mnt/c/Posao/backend/src/config/mysql_driver.php 104
Error - 2021-10-15 16:12:24 --> Severity: Error --> Exception: Call to a member function result() on boolean /mnt/c/Posao/backend/src/sys/model.php 38
Error - 2021-10-15 16:12:26 --> Severity: Warning --> Invalid argument supplied for foreach() /mnt/c/Posao/backend/src/config/mysql_driver.php 104
Error - 2021-10-15 16:12:26 --> Severity: Error --> Exception: Call to a member function result() on boolean /mnt/c/Posao/backend/src/sys/model.php 38
Error - 2021-10-15 16:12:26 --> Severity: Warning --> Invalid argument supplied for foreach() /mnt/c/Posao/backend/src/config/mysql_driver.php 104
Error - 2021-10-15 16:12:26 --> Severity: Error --> Exception: Call to a member function result() on boolean /mnt/c/Posao/backend/src/sys/model.php 38
Error - 2021-10-15 16:12:26 --> Severity: Warning --> Invalid argument supplied for foreach() /mnt/c/Posao/backend/src/config/mysql_driver.php 104
Error - 2021-10-15 16:12:26 --> Severity: Error --> Exception: Call to a member function result() on boolean /mnt/c/Posao/backend/src/sys/model.php 38
Error - 2021-10-15 16:13:21 --> Severity: Warning --> Invalid argument supplied for foreach() /mnt/c/Posao/backend/src/config/mysql_driver.php 104
Error - 2021-10-15 16:13:21 --> Severity: Error --> Exception: Call to a member function result() on boolean /mnt/c/Posao/backend/src/sys/model.php 38
Error - 2021-10-15 16:13:22 --> Severity: Warning --> Invalid argument supplied for foreach() /mnt/c/Posao/backend/src/config/mysql_driver.php 104
Error - 2021-10-15 16:13:22 --> Severity: Error --> Exception: Call to a member function result() on boolean /mnt/c/Posao/backend/src/sys/model.php 38
Error - 2021-10-15 16:13:22 --> Severity: Warning --> Invalid argument supplied for foreach() /mnt/c/Posao/backend/src/config/mysql_driver.php 104
Error - 2021-10-15 16:13:22 --> Severity: Error --> Exception: Call to a member function result() on boolean /mnt/c/Posao/backend/src/sys/model.php 38
Error - 2021-10-15 16:13:22 --> Severity: Warning --> Invalid argument supplied for foreach() /mnt/c/Posao/backend/src/config/mysql_driver.php 104
Error - 2021-10-15 16:13:22 --> Severity: Error --> Exception: Call to a member function result() on boolean /mnt/c/Posao/backend/src/sys/model.php 38
Error - 2021-10-15 16:13:23 --> Severity: Warning --> Invalid argument supplied for foreach() /mnt/c/Posao/backend/src/config/mysql_driver.php 104
Error - 2021-10-15 16:13:23 --> Severity: Error --> Exception: Call to a member function result() on boolean /mnt/c/Posao/backend/src/sys/model.php 38
Error - 2021-10-15 16:13:45 --> Severity: Warning --> Invalid argument supplied for foreach() /mnt/c/Posao/backend/src/config/mysql_driver.php 104
Error - 2021-10-15 16:13:45 --> Severity: Error --> Exception: Call to a member function result() on boolean /mnt/c/Posao/backend/src/sys/model.php 39
Error - 2021-10-15 16:14:28 --> Severity: Warning --> Invalid argument supplied for foreach() /mnt/c/Posao/backend/src/config/mysql_driver.php 104
Error - 2021-10-15 16:14:28 --> Severity: Error --> Exception: Call to a member function result() on boolean /mnt/c/Posao/backend/src/sys/model.php 39
Error - 2021-10-15 16:14:42 --> Severity: Warning --> Invalid argument supplied for foreach() /mnt/c/Posao/backend/src/config/mysql_driver.php 104
Error - 2021-10-15 16:14:42 --> Severity: Error --> Exception: Call to a member function result() on boolean /mnt/c/Posao/backend/src/sys/model.php 39
