Error - 2021-10-18 08:49:33 --> Severity: Warning --> include(src/app/backend/index.php): failed to open stream: No such file or directory /mnt/c/Posao/backend/index.php 14
Error - 2021-10-18 08:49:33 --> Severity: Warning --> include(): Failed opening 'src/app/backend/index.php' for inclusion (include_path='.:/usr/share/php') /mnt/c/Posao/backend/index.php 14
Error - 2021-10-18 08:49:33 --> Severity: Error --> Exception: Class 'index.php' not found /mnt/c/Posao/backend/index.php 15
Error - 2021-10-18 08:49:44 --> Severity: Warning --> include(src/app/backend/index.php): failed to open stream: No such file or directory /mnt/c/Posao/backend/index.php 14
Error - 2021-10-18 08:49:44 --> Severity: Warning --> include(): Failed opening 'src/app/backend/index.php' for inclusion (include_path='.:/usr/share/php') /mnt/c/Posao/backend/index.php 14
Error - 2021-10-18 08:49:44 --> Severity: Error --> Exception: Class 'index.php' not found /mnt/c/Posao/backend/index.php 15
Error - 2021-10-18 08:50:50 --> Severity: Error --> Exception: Class 'baza' not found /mnt/c/Posao/backend/src/sys/model.php 16
Error - 2021-10-18 08:52:15 --> Severity: Error --> Exception: Class 'baza' not found /mnt/c/Posao/backend/src/sys/model.php 17
Error - 2021-10-18 09:56:51 --> Severity: Notice --> Undefined property: baza::$_protect_identifiers /mnt/c/Posao/backend/src/config/mysql_driver.php 404
Error - 2021-10-18 09:56:51 --> Severity: Error --> Exception: Call to undefined method baza::protect_identifiers() /mnt/c/Posao/backend/src/config/mysql_driver.php 612
Error - 2021-10-18 09:59:03 --> Severity: Error --> Exception: Call to undefined method baza::protect_identifiers() /mnt/c/Posao/backend/src/config/mysql_driver.php 612
Error - 2021-10-18 10:00:09 --> Severity: Error --> Exception: syntax error, unexpected 'if' (T_IF) /mnt/c/Posao/backend/src/config/mysql_driver.php 614
Error - 2021-10-18 10:10:48 --> Severity: Notice --> Undefined variable: escape /mnt/c/Posao/backend/src/config/mysql_driver.php 412
Error - 2021-10-18 10:10:48 --> Severity: Error --> Exception: Call to undefined method baza::protect_identifiers() /mnt/c/Posao/backend/src/config/mysql_driver.php 611
Error - 2021-10-18 10:11:13 --> Severity: Error --> Exception: Call to undefined method baza::protect_identifiers() /mnt/c/Posao/backend/src/config/mysql_driver.php 611
Error - 2021-10-18 10:14:13 --> Severity: Error --> Exception: syntax error, unexpected ';', expecting ',' or ')' /mnt/c/Posao/backend/src/sys/model.php 31
Error - 2021-10-18 10:14:30 --> Severity: Error --> Exception: Call to undefined function get() /mnt/c/Posao/backend/src/sys/model.php 31
Error - 2021-10-18 10:14:57 --> Severity: Error --> Exception: Call to undefined function get_compiled_select() /mnt/c/Posao/backend/src/sys/model.php 31
Error - 2021-10-18 10:17:33 --> Severity: Error --> Exception: Call to a member function get() on string /mnt/c/Posao/backend/src/sys/model.php 31
Error - 2021-10-18 10:17:55 --> Severity: Error --> Exception: Call to undefined method baza::query() /mnt/c/Posao/backend/src/config/mysql_driver.php 1434
Error - 2021-10-18 10:18:23 --> Severity: Error --> Exception: Call to undefined method baza::protect_identifiers() /mnt/c/Posao/backend/src/config/mysql_driver.php 2390
Error - 2021-10-18 10:21:13 --> Severity: Error --> Exception: Call to undefined method baza::protect_identifiers() /mnt/c/Posao/backend/src/config/mysql_driver.php 2392
Error - 2021-10-18 10:21:13 --> Severity: Error --> Exception: Call to undefined method baza::protect_identifiers() /mnt/c/Posao/backend/src/config/mysql_driver.php 2392
Error - 2021-10-18 10:21:14 --> Severity: Error --> Exception: Call to undefined method baza::protect_identifiers() /mnt/c/Posao/backend/src/config/mysql_driver.php 2392
Error - 2021-10-18 10:21:14 --> Severity: Error --> Exception: Call to undefined method baza::protect_identifiers() /mnt/c/Posao/backend/src/config/mysql_driver.php 2392
Error - 2021-10-18 10:21:14 --> Severity: Error --> Exception: Call to undefined method baza::protect_identifiers() /mnt/c/Posao/backend/src/config/mysql_driver.php 2392
Error - 2021-10-18 10:24:49 --> Severity: Notice --> Undefined property: baza::$_protect_identifiers /mnt/c/Posao/backend/src/config/mysql_driver.php 404
Error - 2021-10-18 10:24:49 --> Severity: Error --> Exception: Call to undefined method baza::protect_identifiers() /mnt/c/Posao/backend/src/config/mysql_driver.php 612
Error - 2021-10-18 10:27:11 --> Severity: Error --> Exception: Call to undefined method baza::protect_identifiers() /mnt/c/Posao/backend/src/config/mysql_driver.php 614
Error - 2021-10-18 10:27:22 --> Severity: Error --> Exception: Call to undefined method baza::protect_identifiers() /mnt/c/Posao/backend/src/config/mysql_driver.php 615
Error - 2021-10-18 10:27:23 --> Severity: Error --> Exception: Call to undefined method baza::protect_identifiers() /mnt/c/Posao/backend/src/config/mysql_driver.php 615
Error - 2021-10-18 10:27:23 --> Severity: Error --> Exception: Call to undefined method baza::protect_identifiers() /mnt/c/Posao/backend/src/config/mysql_driver.php 615
Error - 2021-10-18 10:27:24 --> Severity: Error --> Exception: Call to undefined method baza::protect_identifiers() /mnt/c/Posao/backend/src/config/mysql_driver.php 615
Error - 2021-10-18 10:30:08 --> Severity: Notice --> Undefined property: baza::$dbprefix /mnt/c/Posao/backend/src/config/mysql_driver.php 3065
Error - 2021-10-18 10:30:08 --> Severity: Notice --> Undefined property: baza::$swap_pre /mnt/c/Posao/backend/src/config/mysql_driver.php 3068
Error - 2021-10-18 10:30:08 --> Severity: Notice --> Undefined property: baza::$swap_pre /mnt/c/Posao/backend/src/config/mysql_driver.php 3068
Error - 2021-10-18 10:30:08 --> Severity: Notice --> Undefined property: baza::$dbprefix /mnt/c/Posao/backend/src/config/mysql_driver.php 3073
Error - 2021-10-18 10:30:08 --> Severity: Notice --> Undefined property: baza::$dbprefix /mnt/c/Posao/backend/src/config/mysql_driver.php 3075
Error - 2021-10-18 10:30:08 --> Severity: Notice --> Undefined property: baza::$_reserved_identifiers /mnt/c/Posao/backend/src/config/mysql_driver.php 3079
Error - 2021-10-18 10:30:08 --> Severity: Warning --> in_array() expects parameter 2 to be array, null given /mnt/c/Posao/backend/src/config/mysql_driver.php 3079
Error - 2021-10-18 10:30:08 --> Severity: Error --> Exception: Call to undefined method baza::escape_identifiers() /mnt/c/Posao/backend/src/config/mysql_driver.php 3081
Error - 2021-10-18 10:43:59 --> Severity: Notice --> Undefined property: baza::$_protect_identifiers /mnt/c/Posao/backend/src/config/mysql_driver.php 404
Error - 2021-10-18 10:43:59 --> Severity: Notice --> Undefined property: baza::$_protect_identifiers /mnt/c/Posao/backend/src/config/mysql_driver.php 2924
Error - 2021-10-18 10:43:59 --> Severity: Notice --> Undefined property: baza::$dbprefix /mnt/c/Posao/backend/src/config/mysql_driver.php 3063
Error - 2021-10-18 10:43:59 --> Severity: Notice --> Undefined property: baza::$swap_pre /mnt/c/Posao/backend/src/config/mysql_driver.php 3066
Error - 2021-10-18 10:43:59 --> Severity: Notice --> Undefined property: baza::$swap_pre /mnt/c/Posao/backend/src/config/mysql_driver.php 3066
Error - 2021-10-18 10:43:59 --> Severity: Notice --> Undefined property: baza::$dbprefix /mnt/c/Posao/backend/src/config/mysql_driver.php 3071
Error - 2021-10-18 10:43:59 --> Severity: Notice --> Undefined property: baza::$dbprefix /mnt/c/Posao/backend/src/config/mysql_driver.php 3073
Error - 2021-10-18 10:43:59 --> Severity: Error --> Exception: Call to undefined method baza::query() /mnt/c/Posao/backend/src/config/mysql_driver.php 1495
Error - 2021-10-18 10:45:25 --> Severity: Notice --> Undefined property: baza::$dbprefix /mnt/c/Posao/backend/src/config/mysql_driver.php 3065
Error - 2021-10-18 10:45:25 --> Severity: Notice --> Undefined property: baza::$swap_pre /mnt/c/Posao/backend/src/config/mysql_driver.php 3068
Error - 2021-10-18 10:45:25 --> Severity: Notice --> Undefined property: baza::$swap_pre /mnt/c/Posao/backend/src/config/mysql_driver.php 3068
Error - 2021-10-18 10:45:25 --> Severity: Notice --> Undefined property: baza::$dbprefix /mnt/c/Posao/backend/src/config/mysql_driver.php 3073
Error - 2021-10-18 10:45:25 --> Severity: Notice --> Undefined property: baza::$dbprefix /mnt/c/Posao/backend/src/config/mysql_driver.php 3075
Error - 2021-10-18 10:45:25 --> Severity: Notice --> Undefined property: baza::$_reserved_identifiers /mnt/c/Posao/backend/src/config/mysql_driver.php 3079
Error - 2021-10-18 10:45:25 --> Severity: Warning --> in_array() expects parameter 2 to be array, null given /mnt/c/Posao/backend/src/config/mysql_driver.php 3079
Error - 2021-10-18 10:45:25 --> Severity: Error --> Exception: Call to undefined method baza::escape_identifiers() /mnt/c/Posao/backend/src/config/mysql_driver.php 3081
Error - 2021-10-18 10:46:22 --> Severity: Notice --> Undefined property: baza::$_reserved_identifiers /mnt/c/Posao/backend/src/config/mysql_driver.php 3081
Error - 2021-10-18 10:46:22 --> Severity: Warning --> in_array() expects parameter 2 to be array, null given /mnt/c/Posao/backend/src/config/mysql_driver.php 3081
Error - 2021-10-18 10:46:22 --> Severity: Error --> Exception: Call to undefined method baza::escape_identifiers() /mnt/c/Posao/backend/src/config/mysql_driver.php 3083
Error - 2021-10-18 10:47:09 --> Severity: Error --> Exception: Call to undefined method baza::escape_identifiers() /mnt/c/Posao/backend/src/config/mysql_driver.php 3085
Error - 2021-10-18 10:48:03 --> Severity: Notice --> Undefined property: baza::$_escape_char /mnt/c/Posao/backend/src/config/mysql_driver.php 3093
Error - 2021-10-18 10:48:03 --> Severity: Notice --> Undefined property: baza::$_escape_char /mnt/c/Posao/backend/src/config/mysql_driver.php 3107
Error - 2021-10-18 10:48:03 --> Severity: Notice --> Undefined property: baza::$_escape_char /mnt/c/Posao/backend/src/config/mysql_driver.php 3116
Error - 2021-10-18 10:48:03 --> Severity: Notice --> Undefined property: baza::$_escape_char /mnt/c/Posao/backend/src/config/mysql_driver.php 3127
Error - 2021-10-18 10:48:03 --> Severity: Notice --> Undefined property: baza::$_escape_char /mnt/c/Posao/backend/src/config/mysql_driver.php 3128
Error - 2021-10-18 10:48:03 --> Severity: Warning --> preg_replace(): Compilation failed: nothing to repeat at offset 0 /mnt/c/Posao/backend/src/config/mysql_driver.php 3140
Error - 2021-10-18 10:48:03 --> Severity: Error --> Exception: Call to undefined method baza::query() /mnt/c/Posao/backend/src/config/mysql_driver.php 1501
Error - 2021-10-18 10:48:43 --> Severity: Error --> Exception: Call to undefined method baza::query() /mnt/c/Posao/backend/src/config/mysql_driver.php 1503
Error - 2021-10-18 10:50:20 --> Severity: Notice --> Undefined variable: result /mnt/c/Posao/backend/src/config/mysql_driver.php 1504
Error - 2021-10-18 10:58:52 --> Severity: Notice --> Undefined variable: result /mnt/c/Posao/backend/src/config/mysql_driver.php 1505
Error - 2021-10-18 11:13:14 --> Severity: 4096 --> Object of class baza could not be converted to string /mnt/c/Posao/backend/src/config/mysql_driver.php 621
Error - 2021-10-18 11:14:49 --> Severity: 4096 --> Object of class baza could not be converted to string /mnt/c/Posao/backend/src/config/mysql_driver.php 1497
Error - 2021-10-18 11:14:50 --> Severity: 4096 --> Object of class baza could not be converted to string /mnt/c/Posao/backend/src/config/mysql_driver.php 1497
Error - 2021-10-18 11:16:51 --> Severity: Notice --> Array to string conversion /mnt/c/Posao/backend/src/config/mysql_driver.php 1895
Error - 2021-10-18 11:29:52 --> Severity: Error --> Exception: syntax error, unexpected 'else' (T_ELSE) /mnt/c/Posao/backend/src/config/mysql_driver.php 2448
Error - 2021-10-18 11:30:06 --> Severity: Notice --> Undefined variable: sql /mnt/c/Posao/backend/src/config/mysql_driver.php 2474
Error - 2021-10-18 11:30:07 --> Severity: Notice --> Undefined variable: sql /mnt/c/Posao/backend/src/config/mysql_driver.php 2474
Error - 2021-10-18 11:30:30 --> Severity: Notice --> Undefined variable: sql /mnt/c/Posao/backend/src/config/mysql_driver.php 2441
Error - 2021-10-18 11:30:52 --> Severity: Notice --> Undefined variable: sql /mnt/c/Posao/backend/src/config/mysql_driver.php 2441
Error - 2021-10-18 11:30:53 --> Severity: Notice --> Undefined variable: sql /mnt/c/Posao/backend/src/config/mysql_driver.php 2441
Error - 2021-10-18 11:30:59 --> Severity: Notice --> Undefined variable: sql /mnt/c/Posao/backend/src/config/mysql_driver.php 2441
Error - 2021-10-18 11:53:44 --> Severity: Error --> Exception: syntax error, unexpected 'return' (T_RETURN) /mnt/c/Posao/backend/src/config/mysql_driver.php 2944
Error - 2021-10-18 11:53:46 --> Severity: Error --> Exception: syntax error, unexpected 'return' (T_RETURN) /mnt/c/Posao/backend/src/config/mysql_driver.php 2944
Error - 2021-10-18 13:01:26 --> Severity: Error --> Exception: syntax error, unexpected '$this' (T_VARIABLE), expecting function (T_FUNCTION) or const (T_CONST) /mnt/c/Posao/backend/src/config/mysql_driver.php 988
Error - 2021-10-18 13:02:43 --> Severity: Error --> Exception: syntax error, unexpected ')' /mnt/c/Posao/backend/src/config/mysql_driver.php 1255
Error - 2021-10-18 13:03:27 --> Severity: Error --> Exception: syntax error, unexpected ')' /mnt/c/Posao/backend/src/config/mysql_driver.php 1655
Error - 2021-10-18 13:03:42 --> Severity: Error --> Exception: Call to undefined method baza::_merge_cache() /mnt/c/Posao/backend/src/config/mysql_driver.php 2015
Error - 2021-10-18 15:15:22 --> Severity: Warning --> require_once(src/database/DB.php): failed to open stream: No such file or directory /mnt/c/Posao/backend/src/sys/model.php 2
Error - 2021-10-18 15:47:41 --> Severity: Warning --> require_once(src/database/DB.php): failed to open stream: No such file or directory /mnt/c/Posao/backend/src/sys/model.php 2
Error - 2021-10-18 15:48:08 --> Severity: Error --> Exception: syntax error, unexpected ';' /mnt/c/Posao/backend/src/sys/database/DB.php 56
Error - 2021-10-18 15:49:39 --> Severity: Error --> Exception: Too few arguments to function ljudski::__construct(), 0 passed in /mnt/c/Posao/backend/index.php on line 20 and exactly 1 expected /mnt/c/Posao/backend/src/app/ljudski_resursi/index.php 6
Error - 2021-10-18 15:50:29 --> Severity: Error --> Exception: Too few arguments to function ljudski::__construct(), 0 passed in /mnt/c/Posao/backend/index.php on line 20 and exactly 1 expected /mnt/c/Posao/backend/src/app/ljudski_resursi/index.php 6
Error - 2021-10-18 15:50:29 --> Severity: Error --> Exception: Too few arguments to function ljudski::__construct(), 0 passed in /mnt/c/Posao/backend/index.php on line 20 and exactly 1 expected /mnt/c/Posao/backend/src/app/ljudski_resursi/index.php 6
Error - 2021-10-18 15:50:30 --> Severity: Error --> Exception: Too few arguments to function ljudski::__construct(), 0 passed in /mnt/c/Posao/backend/index.php on line 20 and exactly 1 expected /mnt/c/Posao/backend/src/app/ljudski_resursi/index.php 6
Error - 2021-10-18 15:50:30 --> Severity: Error --> Exception: Too few arguments to function ljudski::__construct(), 0 passed in /mnt/c/Posao/backend/index.php on line 20 and exactly 1 expected /mnt/c/Posao/backend/src/app/ljudski_resursi/index.php 6
Error - 2021-10-18 15:53:44 --> Severity: Warning --> Use of undefined constant ENVIRONMENT - assumed 'ENVIRONMENT' (this will throw an Error in a future version of PHP) /mnt/c/Posao/backend/src/config/database.php 85
Error - 2021-10-18 15:53:44 --> Severity: Notice --> Undefined index:  /mnt/c/Posao/backend/src/sys/database/DB.php 61
Error - 2021-10-18 15:58:15 --> Severity: Warning --> Use of undefined constant ENVIRONMENT - assumed 'ENVIRONMENT' (this will throw an Error in a future version of PHP) /mnt/c/Posao/backend/src/config/database.php 85
Error - 2021-10-18 15:58:15 --> Severity: Notice --> Undefined index: driver /mnt/c/Posao/backend/src/sys/database/DB.php 60
Error - 2021-10-18 15:58:15 --> Severity: Notice --> Undefined index:  /mnt/c/Posao/backend/src/sys/database/DB.php 61
Error - 2021-10-18 15:58:16 --> Severity: Warning --> Use of undefined constant ENVIRONMENT - assumed 'ENVIRONMENT' (this will throw an Error in a future version of PHP) /mnt/c/Posao/backend/src/config/database.php 85
Error - 2021-10-18 15:58:16 --> Severity: Notice --> Undefined index: driver /mnt/c/Posao/backend/src/sys/database/DB.php 60
Error - 2021-10-18 15:58:16 --> Severity: Notice --> Undefined index:  /mnt/c/Posao/backend/src/sys/database/DB.php 61
Error - 2021-10-18 15:58:17 --> Severity: Warning --> Use of undefined constant ENVIRONMENT - assumed 'ENVIRONMENT' (this will throw an Error in a future version of PHP) /mnt/c/Posao/backend/src/config/database.php 85
Error - 2021-10-18 15:58:17 --> Severity: Notice --> Undefined index: driver /mnt/c/Posao/backend/src/sys/database/DB.php 60
Error - 2021-10-18 15:58:17 --> Severity: Notice --> Undefined index:  /mnt/c/Posao/backend/src/sys/database/DB.php 61
Error - 2021-10-18 15:59:56 --> Severity: Warning --> Use of undefined constant ENVIRONMENT - assumed 'ENVIRONMENT' (this will throw an Error in a future version of PHP) /mnt/c/Posao/backend/src/config/database.php 85
Error - 2021-10-18 15:59:56 --> Severity: Notice --> Undefined index:  /mnt/c/Posao/backend/src/sys/database/DB.php 61
Error - 2021-10-18 16:00:12 --> Severity: Warning --> Use of undefined constant ENVIRONMENT - assumed 'ENVIRONMENT' (this will throw an Error in a future version of PHP) /mnt/c/Posao/backend/src/config/database.php 85
Error - 2021-10-18 16:00:12 --> Severity: Notice --> Undefined index:  /mnt/c/Posao/backend/src/sys/database/DB.php 61
Error - 2021-10-18 16:00:46 --> Severity: Warning --> Use of undefined constant ENVIRONMENT - assumed 'ENVIRONMENT' (this will throw an Error in a future version of PHP) /mnt/c/Posao/backend/src/config/database.php 85
Error - 2021-10-18 16:00:46 --> Severity: Notice --> Undefined index:  /mnt/c/Posao/backend/src/sys/database/DB.php 61
Error - 2021-10-18 16:02:09 --> Severity: Warning --> Use of undefined constant ENVIRONMENT - assumed 'ENVIRONMENT' (this will throw an Error in a future version of PHP) /mnt/c/Posao/backend/src/config/database.php 85
Error - 2021-10-18 16:02:09 --> Severity: Notice --> Undefined index:  /mnt/c/Posao/backend/src/sys/database/DB.php 62
Error - 2021-10-18 16:02:09 --> Severity: Warning --> Use of undefined constant ENVIRONMENT - assumed 'ENVIRONMENT' (this will throw an Error in a future version of PHP) /mnt/c/Posao/backend/src/config/database.php 85
Error - 2021-10-18 16:02:09 --> Severity: Notice --> Undefined index:  /mnt/c/Posao/backend/src/sys/database/DB.php 62
Error - 2021-10-18 16:02:10 --> Severity: Warning --> Use of undefined constant ENVIRONMENT - assumed 'ENVIRONMENT' (this will throw an Error in a future version of PHP) /mnt/c/Posao/backend/src/config/database.php 85
Error - 2021-10-18 16:02:10 --> Severity: Notice --> Undefined index:  /mnt/c/Posao/backend/src/sys/database/DB.php 62
Error - 2021-10-18 16:02:10 --> Severity: Warning --> Use of undefined constant ENVIRONMENT - assumed 'ENVIRONMENT' (this will throw an Error in a future version of PHP) /mnt/c/Posao/backend/src/config/database.php 85
Error - 2021-10-18 16:02:10 --> Severity: Notice --> Undefined index:  /mnt/c/Posao/backend/src/sys/database/DB.php 62
Error - 2021-10-18 16:02:10 --> Severity: Warning --> Use of undefined constant ENVIRONMENT - assumed 'ENVIRONMENT' (this will throw an Error in a future version of PHP) /mnt/c/Posao/backend/src/config/database.php 85
Error - 2021-10-18 16:02:10 --> Severity: Notice --> Undefined index:  /mnt/c/Posao/backend/src/sys/database/DB.php 62
Error - 2021-10-18 16:02:11 --> Severity: Warning --> Use of undefined constant ENVIRONMENT - assumed 'ENVIRONMENT' (this will throw an Error in a future version of PHP) /mnt/c/Posao/backend/src/config/database.php 85
Error - 2021-10-18 16:02:11 --> Severity: Notice --> Undefined index:  /mnt/c/Posao/backend/src/sys/database/DB.php 62
Error - 2021-10-18 16:02:12 --> Severity: Warning --> Use of undefined constant ENVIRONMENT - assumed 'ENVIRONMENT' (this will throw an Error in a future version of PHP) /mnt/c/Posao/backend/src/config/database.php 85
Error - 2021-10-18 16:02:12 --> Severity: Notice --> Undefined index:  /mnt/c/Posao/backend/src/sys/database/DB.php 62
Error - 2021-10-18 16:02:57 --> Severity: Warning --> Use of undefined constant ENVIRONMENT - assumed 'ENVIRONMENT' (this will throw an Error in a future version of PHP) /mnt/c/Posao/backend/src/config/database.php 85
Error - 2021-10-18 16:02:57 --> Severity: Notice --> Undefined index:  /mnt/c/Posao/backend/src/sys/database/DB.php 62
Error - 2021-10-18 16:03:11 --> Severity: Warning --> Use of undefined constant ENVIRONMENT - assumed 'ENVIRONMENT' (this will throw an Error in a future version of PHP) /mnt/c/Posao/backend/src/config/database.php 85
Error - 2021-10-18 16:03:11 --> Severity: Notice --> Undefined index:  /mnt/c/Posao/backend/src/sys/database/DB.php 61
Error - 2021-10-18 16:03:23 --> Severity: Warning --> Use of undefined constant ENVIRONMENT - assumed 'ENVIRONMENT' (this will throw an Error in a future version of PHP) /mnt/c/Posao/backend/src/config/database.php 85
Error - 2021-10-18 16:03:23 --> Severity: Notice --> Undefined index:  /mnt/c/Posao/backend/src/sys/database/DB.php 61
Error - 2021-10-18 16:03:40 --> Severity: Warning --> Use of undefined constant ENVIRONMENT - assumed 'ENVIRONMENT' (this will throw an Error in a future version of PHP) /mnt/c/Posao/backend/src/config/database.php 85
Error - 2021-10-18 16:03:40 --> Severity: Warning --> require_once(src/database/DB_driver.php): failed to open stream: No such file or directory /mnt/c/Posao/backend/src/sys/database/DB.php 69
Error - 2021-10-18 16:03:52 --> Severity: Warning --> Use of undefined constant ENVIRONMENT - assumed 'ENVIRONMENT' (this will throw an Error in a future version of PHP) /mnt/c/Posao/backend/src/config/database.php 85
Error - 2021-10-18 16:03:52 --> Severity: Warning --> require_once(src/database/DB_driver.php): failed to open stream: No such file or directory /mnt/c/Posao/backend/src/sys/database/DB.php 68
Error - 2021-10-18 16:04:21 --> Severity: Warning --> Use of undefined constant ENVIRONMENT - assumed 'ENVIRONMENT' (this will throw an Error in a future version of PHP) /mnt/c/Posao/backend/src/config/database.php 85
Info - 2021-10-18 16:04:21 --> Database Driver Class Initialized
Error - 2021-10-18 16:04:21 --> Severity: Warning --> require_once(src/sys/database/DB_result.php): failed to open stream: No such file or directory /mnt/c/Posao/backend/src/sys/database/DB_driver.php 652
Error - 2021-10-18 16:05:49 --> Severity: Warning --> Use of undefined constant ENVIRONMENT - assumed 'ENVIRONMENT' (this will throw an Error in a future version of PHP) /mnt/c/Posao/backend/src/config/database.php 85
Info - 2021-10-18 16:05:49 --> Database Driver Class Initialized
Error - 2021-10-18 16:07:48 --> Severity: Warning --> Use of undefined constant ENVIRONMENT - assumed 'ENVIRONMENT' (this will throw an Error in a future version of PHP) /mnt/c/Posao/backend/src/config/database.php 85
Info - 2021-10-18 16:07:48 --> Database Driver Class Initialized
Error - 2021-10-18 16:14:39 --> Severity: Warning --> Use of undefined constant ENVIRONMENT - assumed 'ENVIRONMENT' (this will throw an Error in a future version of PHP) /mnt/c/Posao/backend/src/config/database.php 85
Info - 2021-10-18 16:14:39 --> Database Driver Class Initialized
Error - 2021-10-18 16:14:39 --> Severity: Error --> Exception: Call to undefined method CI_DB_mysqli_driver::_merge_cache() /mnt/c/Posao/backend/src/sys/database/DB_query_builder.php 1830
Error - 2021-10-18 16:15:11 --> Severity: Warning --> Use of undefined constant ENVIRONMENT - assumed 'ENVIRONMENT' (this will throw an Error in a future version of PHP) /mnt/c/Posao/backend/src/config/database.php 85
Info - 2021-10-18 16:15:11 --> Database Driver Class Initialized
Error - 2021-10-18 16:15:11 --> Severity: Error --> Exception: Call to undefined method CI_DB_mysqli_driver::display_error() /mnt/c/Posao/backend/src/sys/database/DB_query_builder.php 1863
Error - 2021-10-18 16:15:44 --> Severity: Warning --> Use of undefined constant ENVIRONMENT - assumed 'ENVIRONMENT' (this will throw an Error in a future version of PHP) /mnt/c/Posao/backend/src/config/database.php 85
Info - 2021-10-18 16:15:44 --> Database Driver Class Initialized
Error - 2021-10-18 16:15:44 --> Severity: Error --> Exception: Call to undefined method CI_DB_mysqli_driver::show_error() /mnt/c/Posao/backend/src/sys/database/DB_query_builder.php 1863
Error - 2021-10-18 16:16:15 --> Severity: Warning --> Use of undefined constant ENVIRONMENT - assumed 'ENVIRONMENT' (this will throw an Error in a future version of PHP) /mnt/c/Posao/backend/src/config/database.php 85
Info - 2021-10-18 16:16:15 --> Database Driver Class Initialized
Error - 2021-10-18 16:16:48 --> Severity: Warning --> Use of undefined constant ENVIRONMENT - assumed 'ENVIRONMENT' (this will throw an Error in a future version of PHP) /mnt/c/Posao/backend/src/config/database.php 85
Info - 2021-10-18 16:16:48 --> Database Driver Class Initialized
Error - 2021-10-18 16:16:50 --> Severity: Warning --> Use of undefined constant ENVIRONMENT - assumed 'ENVIRONMENT' (this will throw an Error in a future version of PHP) /mnt/c/Posao/backend/src/config/database.php 85
Info - 2021-10-18 16:16:50 --> Database Driver Class Initialized
Error - 2021-10-18 16:16:59 --> Severity: Warning --> Use of undefined constant ENVIRONMENT - assumed 'ENVIRONMENT' (this will throw an Error in a future version of PHP) /mnt/c/Posao/backend/src/config/database.php 85
Info - 2021-10-18 16:16:59 --> Database Driver Class Initialized
Error - 2021-10-18 16:17:00 --> Severity: Warning --> Use of undefined constant ENVIRONMENT - assumed 'ENVIRONMENT' (this will throw an Error in a future version of PHP) /mnt/c/Posao/backend/src/config/database.php 85
Info - 2021-10-18 16:17:00 --> Database Driver Class Initialized
Error - 2021-10-18 16:17:01 --> Severity: Warning --> Use of undefined constant ENVIRONMENT - assumed 'ENVIRONMENT' (this will throw an Error in a future version of PHP) /mnt/c/Posao/backend/src/config/database.php 85
Info - 2021-10-18 16:17:01 --> Database Driver Class Initialized
Error - 2021-10-18 16:19:21 --> Severity: Warning --> Use of undefined constant ENVIRONMENT - assumed 'ENVIRONMENT' (this will throw an Error in a future version of PHP) /mnt/c/Posao/backend/src/config/database.php 85
Info - 2021-10-18 16:19:21 --> Database Driver Class Initialized
Error - 2021-10-18 16:19:22 --> Severity: Warning --> Use of undefined constant ENVIRONMENT - assumed 'ENVIRONMENT' (this will throw an Error in a future version of PHP) /mnt/c/Posao/backend/src/config/database.php 85
Info - 2021-10-18 16:19:22 --> Database Driver Class Initialized
Error - 2021-10-18 16:19:22 --> Severity: Warning --> Use of undefined constant ENVIRONMENT - assumed 'ENVIRONMENT' (this will throw an Error in a future version of PHP) /mnt/c/Posao/backend/src/config/database.php 85
Info - 2021-10-18 16:19:22 --> Database Driver Class Initialized
Error - 2021-10-18 16:19:48 --> Severity: Warning --> Use of undefined constant ENVIRONMENT - assumed 'ENVIRONMENT' (this will throw an Error in a future version of PHP) /mnt/c/Posao/backend/src/config/database.php 85
Info - 2021-10-18 16:19:48 --> Database Driver Class Initialized
Error - 2021-10-18 16:20:30 --> Severity: Warning --> Use of undefined constant ENVIRONMENT - assumed 'ENVIRONMENT' (this will throw an Error in a future version of PHP) /mnt/c/Posao/backend/src/config/database.php 85
Info - 2021-10-18 16:20:30 --> Database Driver Class Initialized
Error - 2021-10-18 16:20:31 --> Severity: Warning --> Use of undefined constant ENVIRONMENT - assumed 'ENVIRONMENT' (this will throw an Error in a future version of PHP) /mnt/c/Posao/backend/src/config/database.php 85
Info - 2021-10-18 16:20:31 --> Database Driver Class Initialized
Error - 2021-10-18 16:22:50 --> Severity: Warning --> Use of undefined constant ENVIRONMENT - assumed 'ENVIRONMENT' (this will throw an Error in a future version of PHP) /mnt/c/Posao/backend/src/config/database.php 85
Info - 2021-10-18 16:22:50 --> Database Driver Class Initialized
Error - 2021-10-18 16:22:51 --> Severity: Warning --> Use of undefined constant ENVIRONMENT - assumed 'ENVIRONMENT' (this will throw an Error in a future version of PHP) /mnt/c/Posao/backend/src/config/database.php 85
Info - 2021-10-18 16:22:51 --> Database Driver Class Initialized
Error - 2021-10-18 16:22:51 --> Severity: Warning --> Use of undefined constant ENVIRONMENT - assumed 'ENVIRONMENT' (this will throw an Error in a future version of PHP) /mnt/c/Posao/backend/src/config/database.php 85
Info - 2021-10-18 16:22:51 --> Database Driver Class Initialized
Error - 2021-10-18 16:23:06 --> Severity: Warning --> Use of undefined constant ENVIRONMENT - assumed 'ENVIRONMENT' (this will throw an Error in a future version of PHP) /mnt/c/Posao/backend/src/config/database.php 85
Info - 2021-10-18 16:23:06 --> Database Driver Class Initialized
Error - 2021-10-18 16:26:00 --> Severity: Warning --> Use of undefined constant ENVIRONMENT - assumed 'ENVIRONMENT' (this will throw an Error in a future version of PHP) /mnt/c/Posao/backend/src/config/database.php 85
Info - 2021-10-18 16:26:00 --> Database Driver Class Initialized
Error - 2021-10-18 16:26:09 --> Severity: Warning --> Use of undefined constant ENVIRONMENT - assumed 'ENVIRONMENT' (this will throw an Error in a future version of PHP) /mnt/c/Posao/backend/src/config/database.php 85
Info - 2021-10-18 16:26:09 --> Database Driver Class Initialized
